                                 Started job on |	Oct 13 22:35:21
                             Started mapping on |	Oct 13 22:35:44
                                    Finished on |	Oct 13 22:36:00
       Mapping speed, Million of reads per hour |	592.32

                          Number of input reads |	2632512
                      Average input read length |	39
                                    UNIQUE READS:
                   Uniquely mapped reads number |	2192550
                        Uniquely mapped reads % |	83.29%
                          Average mapped length |	39.50
                       Number of splices: Total |	244520
            Number of splices: Annotated (sjdb) |	243201
                       Number of splices: GT/AG |	242121
                       Number of splices: GC/AG |	1912
                       Number of splices: AT/AC |	238
               Number of splices: Non-canonical |	249
                      Mismatch rate per base, % |	0.12%
                         Deletion rate per base |	0.00%
                        Deletion average length |	1.38
                        Insertion rate per base |	0.00%
                       Insertion average length |	1.18
                             MULTI-MAPPING READS:
        Number of reads mapped to multiple loci |	410520
             % of reads mapped to multiple loci |	15.59%
        Number of reads mapped to too many loci |	17996
             % of reads mapped to too many loci |	0.68%
                                  UNMAPPED READS:
  Number of reads unmapped: too many mismatches |	0
       % of reads unmapped: too many mismatches |	0.00%
            Number of reads unmapped: too short |	2278
                 % of reads unmapped: too short |	0.09%
                Number of reads unmapped: other |	9168
                     % of reads unmapped: other |	0.35%
                                  CHIMERIC READS:
                       Number of chimeric reads |	0
                            % of chimeric reads |	0.00%
