                                 Started job on |	Oct 13 22:44:31
                             Started mapping on |	Oct 13 22:44:43
                                    Finished on |	Oct 13 22:44:53
       Mapping speed, Million of reads per hour |	654.23

                          Number of input reads |	1817296
                      Average input read length |	39
                                    UNIQUE READS:
                   Uniquely mapped reads number |	1511557
                        Uniquely mapped reads % |	83.18%
                          Average mapped length |	39.51
                       Number of splices: Total |	165090
            Number of splices: Annotated (sjdb) |	164140
                       Number of splices: GT/AG |	163481
                       Number of splices: GC/AG |	1286
                       Number of splices: AT/AC |	158
               Number of splices: Non-canonical |	165
                      Mismatch rate per base, % |	0.13%
                         Deletion rate per base |	0.00%
                        Deletion average length |	1.42
                        Insertion rate per base |	0.00%
                       Insertion average length |	1.19
                             MULTI-MAPPING READS:
        Number of reads mapped to multiple loci |	284066
             % of reads mapped to multiple loci |	15.63%
        Number of reads mapped to too many loci |	12781
             % of reads mapped to too many loci |	0.70%
                                  UNMAPPED READS:
  Number of reads unmapped: too many mismatches |	0
       % of reads unmapped: too many mismatches |	0.00%
            Number of reads unmapped: too short |	2053
                 % of reads unmapped: too short |	0.11%
                Number of reads unmapped: other |	6839
                     % of reads unmapped: other |	0.38%
                                  CHIMERIC READS:
                       Number of chimeric reads |	0
                            % of chimeric reads |	0.00%
