                                 Started job on |	Oct 13 22:39:55
                             Started mapping on |	Oct 13 22:40:14
                                    Finished on |	Oct 13 22:40:43
       Mapping speed, Million of reads per hour |	264.42

                          Number of input reads |	2130077
                      Average input read length |	39
                                    UNIQUE READS:
                   Uniquely mapped reads number |	1774342
                        Uniquely mapped reads % |	83.30%
                          Average mapped length |	39.44
                       Number of splices: Total |	180329
            Number of splices: Annotated (sjdb) |	179338
                       Number of splices: GT/AG |	178550
                       Number of splices: GC/AG |	1410
                       Number of splices: AT/AC |	170
               Number of splices: Non-canonical |	199
                      Mismatch rate per base, % |	0.18%
                         Deletion rate per base |	0.00%
                        Deletion average length |	1.42
                        Insertion rate per base |	0.00%
                       Insertion average length |	1.18
                             MULTI-MAPPING READS:
        Number of reads mapped to multiple loci |	328999
             % of reads mapped to multiple loci |	15.45%
        Number of reads mapped to too many loci |	15821
             % of reads mapped to too many loci |	0.74%
                                  UNMAPPED READS:
  Number of reads unmapped: too many mismatches |	0
       % of reads unmapped: too many mismatches |	0.00%
            Number of reads unmapped: too short |	2968
                 % of reads unmapped: too short |	0.14%
                Number of reads unmapped: other |	7947
                     % of reads unmapped: other |	0.37%
                                  CHIMERIC READS:
                       Number of chimeric reads |	0
                            % of chimeric reads |	0.00%
