                                 Started job on |	Oct 13 22:38:48
                             Started mapping on |	Oct 13 22:39:02
                                    Finished on |	Oct 13 22:39:15
       Mapping speed, Million of reads per hour |	672.26

                          Number of input reads |	2427619
                      Average input read length |	39
                                    UNIQUE READS:
                   Uniquely mapped reads number |	2022057
                        Uniquely mapped reads % |	83.29%
                          Average mapped length |	39.50
                       Number of splices: Total |	222667
            Number of splices: Annotated (sjdb) |	221425
                       Number of splices: GT/AG |	220486
                       Number of splices: GC/AG |	1700
                       Number of splices: AT/AC |	225
               Number of splices: Non-canonical |	256
                      Mismatch rate per base, % |	0.15%
                         Deletion rate per base |	0.00%
                        Deletion average length |	1.40
                        Insertion rate per base |	0.00%
                       Insertion average length |	1.18
                             MULTI-MAPPING READS:
        Number of reads mapped to multiple loci |	377408
             % of reads mapped to multiple loci |	15.55%
        Number of reads mapped to too many loci |	16598
             % of reads mapped to too many loci |	0.68%
                                  UNMAPPED READS:
  Number of reads unmapped: too many mismatches |	0
       % of reads unmapped: too many mismatches |	0.00%
            Number of reads unmapped: too short |	2602
                 % of reads unmapped: too short |	0.11%
                Number of reads unmapped: other |	8954
                     % of reads unmapped: other |	0.37%
                                  CHIMERIC READS:
                       Number of chimeric reads |	0
                            % of chimeric reads |	0.00%
