                                 Started job on |	Oct 13 22:36:45
                             Started mapping on |	Oct 13 22:37:02
                                    Finished on |	Oct 13 22:37:17
       Mapping speed, Million of reads per hour |	597.70

                          Number of input reads |	2490408
                      Average input read length |	39
                                    UNIQUE READS:
                   Uniquely mapped reads number |	1921962
                        Uniquely mapped reads % |	77.17%
                          Average mapped length |	39.41
                       Number of splices: Total |	195077
            Number of splices: Annotated (sjdb) |	194185
                       Number of splices: GT/AG |	193177
                       Number of splices: GC/AG |	1537
                       Number of splices: AT/AC |	177
               Number of splices: Non-canonical |	186
                      Mismatch rate per base, % |	0.15%
                         Deletion rate per base |	0.00%
                        Deletion average length |	1.31
                        Insertion rate per base |	0.00%
                       Insertion average length |	1.20
                             MULTI-MAPPING READS:
        Number of reads mapped to multiple loci |	534503
             % of reads mapped to multiple loci |	21.46%
        Number of reads mapped to too many loci |	24939
             % of reads mapped to too many loci |	1.00%
                                  UNMAPPED READS:
  Number of reads unmapped: too many mismatches |	0
       % of reads unmapped: too many mismatches |	0.00%
            Number of reads unmapped: too short |	2081
                 % of reads unmapped: too short |	0.08%
                Number of reads unmapped: other |	6923
                     % of reads unmapped: other |	0.28%
                                  CHIMERIC READS:
                       Number of chimeric reads |	0
                            % of chimeric reads |	0.00%
