                                 Started job on |	Oct 13 22:40:41
                             Started mapping on |	Oct 13 22:41:05
                                    Finished on |	Oct 13 22:41:21
       Mapping speed, Million of reads per hour |	476.22

                          Number of input reads |	2116517
                      Average input read length |	39
                                    UNIQUE READS:
                   Uniquely mapped reads number |	1763002
                        Uniquely mapped reads % |	83.30%
                          Average mapped length |	39.44
                       Number of splices: Total |	180099
            Number of splices: Annotated (sjdb) |	179116
                       Number of splices: GT/AG |	178223
                       Number of splices: GC/AG |	1492
                       Number of splices: AT/AC |	167
               Number of splices: Non-canonical |	217
                      Mismatch rate per base, % |	0.15%
                         Deletion rate per base |	0.00%
                        Deletion average length |	1.41
                        Insertion rate per base |	0.00%
                       Insertion average length |	1.21
                             MULTI-MAPPING READS:
        Number of reads mapped to multiple loci |	327728
             % of reads mapped to multiple loci |	15.48%
        Number of reads mapped to too many loci |	15782
             % of reads mapped to too many loci |	0.75%
                                  UNMAPPED READS:
  Number of reads unmapped: too many mismatches |	0
       % of reads unmapped: too many mismatches |	0.00%
            Number of reads unmapped: too short |	1951
                 % of reads unmapped: too short |	0.09%
                Number of reads unmapped: other |	8054
                     % of reads unmapped: other |	0.38%
                                  CHIMERIC READS:
                       Number of chimeric reads |	0
                            % of chimeric reads |	0.00%
