                                 Started job on |	Oct 13 22:35:31
                             Started mapping on |	Oct 13 22:35:46
                                    Finished on |	Oct 13 22:36:04
       Mapping speed, Million of reads per hour |	533.57

                          Number of input reads |	2667835
                      Average input read length |	39
                                    UNIQUE READS:
                   Uniquely mapped reads number |	2221737
                        Uniquely mapped reads % |	83.28%
                          Average mapped length |	39.51
                       Number of splices: Total |	248447
            Number of splices: Annotated (sjdb) |	247124
                       Number of splices: GT/AG |	246034
                       Number of splices: GC/AG |	1904
                       Number of splices: AT/AC |	242
               Number of splices: Non-canonical |	267
                      Mismatch rate per base, % |	0.13%
                         Deletion rate per base |	0.00%
                        Deletion average length |	1.40
                        Insertion rate per base |	0.00%
                       Insertion average length |	1.20
                             MULTI-MAPPING READS:
        Number of reads mapped to multiple loci |	416415
             % of reads mapped to multiple loci |	15.61%
        Number of reads mapped to too many loci |	18048
             % of reads mapped to too many loci |	0.68%
                                  UNMAPPED READS:
  Number of reads unmapped: too many mismatches |	0
       % of reads unmapped: too many mismatches |	0.00%
            Number of reads unmapped: too short |	2457
                 % of reads unmapped: too short |	0.09%
                Number of reads unmapped: other |	9178
                     % of reads unmapped: other |	0.34%
                                  CHIMERIC READS:
                       Number of chimeric reads |	0
                            % of chimeric reads |	0.00%
