                                 Started job on |	Oct 13 22:38:17
                             Started mapping on |	Oct 13 22:38:32
                                    Finished on |	Oct 13 22:38:46
       Mapping speed, Million of reads per hour |	616.92

                          Number of input reads |	2399147
                      Average input read length |	39
                                    UNIQUE READS:
                   Uniquely mapped reads number |	1851012
                        Uniquely mapped reads % |	77.15%
                          Average mapped length |	39.45
                       Number of splices: Total |	188131
            Number of splices: Annotated (sjdb) |	187254
                       Number of splices: GT/AG |	186373
                       Number of splices: GC/AG |	1443
                       Number of splices: AT/AC |	151
               Number of splices: Non-canonical |	164
                      Mismatch rate per base, % |	0.13%
                         Deletion rate per base |	0.00%
                        Deletion average length |	1.32
                        Insertion rate per base |	0.00%
                       Insertion average length |	1.20
                             MULTI-MAPPING READS:
        Number of reads mapped to multiple loci |	515384
             % of reads mapped to multiple loci |	21.48%
        Number of reads mapped to too many loci |	24129
             % of reads mapped to too many loci |	1.01%
                                  UNMAPPED READS:
  Number of reads unmapped: too many mismatches |	0
       % of reads unmapped: too many mismatches |	0.00%
            Number of reads unmapped: too short |	2054
                 % of reads unmapped: too short |	0.09%
                Number of reads unmapped: other |	6568
                     % of reads unmapped: other |	0.27%
                                  CHIMERIC READS:
                       Number of chimeric reads |	0
                            % of chimeric reads |	0.00%
