                                 Started job on |	Oct 13 22:44:44
                             Started mapping on |	Oct 13 22:44:59
                                    Finished on |	Oct 13 22:45:10
       Mapping speed, Million of reads per hour |	581.05

                          Number of input reads |	1775441
                      Average input read length |	39
                                    UNIQUE READS:
                   Uniquely mapped reads number |	1477993
                        Uniquely mapped reads % |	83.25%
                          Average mapped length |	39.49
                       Number of splices: Total |	165347
            Number of splices: Annotated (sjdb) |	164521
                       Number of splices: GT/AG |	163948
                       Number of splices: GC/AG |	1113
                       Number of splices: AT/AC |	145
               Number of splices: Non-canonical |	141
                      Mismatch rate per base, % |	0.13%
                         Deletion rate per base |	0.00%
                        Deletion average length |	1.33
                        Insertion rate per base |	0.00%
                       Insertion average length |	1.17
                             MULTI-MAPPING READS:
        Number of reads mapped to multiple loci |	277644
             % of reads mapped to multiple loci |	15.64%
        Number of reads mapped to too many loci |	12342
             % of reads mapped to too many loci |	0.70%
                                  UNMAPPED READS:
  Number of reads unmapped: too many mismatches |	0
       % of reads unmapped: too many mismatches |	0.00%
            Number of reads unmapped: too short |	1546
                 % of reads unmapped: too short |	0.09%
                Number of reads unmapped: other |	5916
                     % of reads unmapped: other |	0.33%
                                  CHIMERIC READS:
                       Number of chimeric reads |	0
                            % of chimeric reads |	0.00%
