                                 Started job on |	Oct 13 22:46:48
                             Started mapping on |	Oct 13 22:47:01
                                    Finished on |	Oct 13 22:47:09
       Mapping speed, Million of reads per hour |	327.80

                          Number of input reads |	728451
                      Average input read length |	39
                                    UNIQUE READS:
                   Uniquely mapped reads number |	607672
                        Uniquely mapped reads % |	83.42%
                          Average mapped length |	39.49
                       Number of splices: Total |	62338
            Number of splices: Annotated (sjdb) |	61971
                       Number of splices: GT/AG |	61727
                       Number of splices: GC/AG |	478
                       Number of splices: AT/AC |	62
               Number of splices: Non-canonical |	71
                      Mismatch rate per base, % |	0.18%
                         Deletion rate per base |	0.00%
                        Deletion average length |	1.37
                        Insertion rate per base |	0.00%
                       Insertion average length |	1.22
                             MULTI-MAPPING READS:
        Number of reads mapped to multiple loci |	111402
             % of reads mapped to multiple loci |	15.29%
        Number of reads mapped to too many loci |	5342
             % of reads mapped to too many loci |	0.73%
                                  UNMAPPED READS:
  Number of reads unmapped: too many mismatches |	0
       % of reads unmapped: too many mismatches |	0.00%
            Number of reads unmapped: too short |	1014
                 % of reads unmapped: too short |	0.14%
                Number of reads unmapped: other |	3021
                     % of reads unmapped: other |	0.41%
                                  CHIMERIC READS:
                       Number of chimeric reads |	0
                            % of chimeric reads |	0.00%
