                                 Started job on |	Oct 13 22:33:12
                             Started mapping on |	Oct 13 22:33:37
                                    Finished on |	Oct 13 22:34:00
       Mapping speed, Million of reads per hour |	609.12

                          Number of input reads |	3891580
                      Average input read length |	39
                                    UNIQUE READS:
                   Uniquely mapped reads number |	3130721
                        Uniquely mapped reads % |	80.45%
                          Average mapped length |	39.51
                       Number of splices: Total |	399090
            Number of splices: Annotated (sjdb) |	397701
                       Number of splices: GT/AG |	395437
                       Number of splices: GC/AG |	2866
                       Number of splices: AT/AC |	380
               Number of splices: Non-canonical |	407
                      Mismatch rate per base, % |	0.17%
                         Deletion rate per base |	0.00%
                        Deletion average length |	1.37
                        Insertion rate per base |	0.00%
                       Insertion average length |	1.15
                             MULTI-MAPPING READS:
        Number of reads mapped to multiple loci |	721735
             % of reads mapped to multiple loci |	18.55%
        Number of reads mapped to too many loci |	28344
             % of reads mapped to too many loci |	0.73%
                                  UNMAPPED READS:
  Number of reads unmapped: too many mismatches |	0
       % of reads unmapped: too many mismatches |	0.00%
            Number of reads unmapped: too short |	4043
                 % of reads unmapped: too short |	0.10%
                Number of reads unmapped: other |	6737
                     % of reads unmapped: other |	0.17%
                                  CHIMERIC READS:
                       Number of chimeric reads |	0
                            % of chimeric reads |	0.00%
