                                 Started job on |	Oct 13 22:46:36
                             Started mapping on |	Oct 13 22:46:52
                                    Finished on |	Oct 13 22:47:00
       Mapping speed, Million of reads per hour |	331.59

                          Number of input reads |	736874
                      Average input read length |	39
                                    UNIQUE READS:
                   Uniquely mapped reads number |	614238
                        Uniquely mapped reads % |	83.36%
                          Average mapped length |	39.48
                       Number of splices: Total |	63770
            Number of splices: Annotated (sjdb) |	63409
                       Number of splices: GT/AG |	63192
                       Number of splices: GC/AG |	443
                       Number of splices: AT/AC |	67
               Number of splices: Non-canonical |	68
                      Mismatch rate per base, % |	0.12%
                         Deletion rate per base |	0.00%
                        Deletion average length |	1.42
                        Insertion rate per base |	0.00%
                       Insertion average length |	1.17
                             MULTI-MAPPING READS:
        Number of reads mapped to multiple loci |	113391
             % of reads mapped to multiple loci |	15.39%
        Number of reads mapped to too many loci |	5361
             % of reads mapped to too many loci |	0.73%
                                  UNMAPPED READS:
  Number of reads unmapped: too many mismatches |	0
       % of reads unmapped: too many mismatches |	0.00%
            Number of reads unmapped: too short |	873
                 % of reads unmapped: too short |	0.12%
                Number of reads unmapped: other |	3011
                     % of reads unmapped: other |	0.41%
                                  CHIMERIC READS:
                       Number of chimeric reads |	0
                            % of chimeric reads |	0.00%
