                                 Started job on |	Oct 13 22:43:29
                             Started mapping on |	Oct 13 22:43:51
                                    Finished on |	Oct 13 22:44:12
       Mapping speed, Million of reads per hour |	329.16

                          Number of input reads |	1920088
                      Average input read length |	39
                                    UNIQUE READS:
                   Uniquely mapped reads number |	1596471
                        Uniquely mapped reads % |	83.15%
                          Average mapped length |	39.49
                       Number of splices: Total |	173761
            Number of splices: Annotated (sjdb) |	172722
                       Number of splices: GT/AG |	172139
                       Number of splices: GC/AG |	1274
                       Number of splices: AT/AC |	175
               Number of splices: Non-canonical |	173
                      Mismatch rate per base, % |	0.18%
                         Deletion rate per base |	0.00%
                        Deletion average length |	1.42
                        Insertion rate per base |	0.00%
                       Insertion average length |	1.21
                             MULTI-MAPPING READS:
        Number of reads mapped to multiple loci |	300586
             % of reads mapped to multiple loci |	15.65%
        Number of reads mapped to too many loci |	13460
             % of reads mapped to too many loci |	0.70%
                                  UNMAPPED READS:
  Number of reads unmapped: too many mismatches |	0
       % of reads unmapped: too many mismatches |	0.00%
            Number of reads unmapped: too short |	2527
                 % of reads unmapped: too short |	0.13%
                Number of reads unmapped: other |	7044
                     % of reads unmapped: other |	0.37%
                                  CHIMERIC READS:
                       Number of chimeric reads |	0
                            % of chimeric reads |	0.00%
