                                 Started job on |	Oct 13 22:39:19
                             Started mapping on |	Oct 13 22:39:37
                                    Finished on |	Oct 13 22:39:52
       Mapping speed, Million of reads per hour |	533.63

                          Number of input reads |	2223471
                      Average input read length |	39
                                    UNIQUE READS:
                   Uniquely mapped reads number |	1853036
                        Uniquely mapped reads % |	83.34%
                          Average mapped length |	39.46
                       Number of splices: Total |	191138
            Number of splices: Annotated (sjdb) |	190099
                       Number of splices: GT/AG |	189223
                       Number of splices: GC/AG |	1485
                       Number of splices: AT/AC |	186
               Number of splices: Non-canonical |	244
                      Mismatch rate per base, % |	0.12%
                         Deletion rate per base |	0.00%
                        Deletion average length |	1.39
                        Insertion rate per base |	0.00%
                       Insertion average length |	1.17
                             MULTI-MAPPING READS:
        Number of reads mapped to multiple loci |	343516
             % of reads mapped to multiple loci |	15.45%
        Number of reads mapped to too many loci |	16732
             % of reads mapped to too many loci |	0.75%
                                  UNMAPPED READS:
  Number of reads unmapped: too many mismatches |	0
       % of reads unmapped: too many mismatches |	0.00%
            Number of reads unmapped: too short |	1879
                 % of reads unmapped: too short |	0.08%
                Number of reads unmapped: other |	8308
                     % of reads unmapped: other |	0.37%
                                  CHIMERIC READS:
                       Number of chimeric reads |	0
                            % of chimeric reads |	0.00%
