                                 Started job on |	Oct 13 22:36:39
                             Started mapping on |	Oct 13 22:37:02
                                    Finished on |	Oct 13 22:37:25
       Mapping speed, Million of reads per hour |	401.94

                          Number of input reads |	2567969
                      Average input read length |	39
                                    UNIQUE READS:
                   Uniquely mapped reads number |	2139133
                        Uniquely mapped reads % |	83.30%
                          Average mapped length |	39.50
                       Number of splices: Total |	235331
            Number of splices: Annotated (sjdb) |	234036
                       Number of splices: GT/AG |	233137
                       Number of splices: GC/AG |	1739
                       Number of splices: AT/AC |	224
               Number of splices: Non-canonical |	231
                      Mismatch rate per base, % |	0.15%
                         Deletion rate per base |	0.00%
                        Deletion average length |	1.39
                        Insertion rate per base |	0.00%
                       Insertion average length |	1.16
                             MULTI-MAPPING READS:
        Number of reads mapped to multiple loci |	399114
             % of reads mapped to multiple loci |	15.54%
        Number of reads mapped to too many loci |	17345
             % of reads mapped to too many loci |	0.68%
                                  UNMAPPED READS:
  Number of reads unmapped: too many mismatches |	0
       % of reads unmapped: too many mismatches |	0.00%
            Number of reads unmapped: too short |	2913
                 % of reads unmapped: too short |	0.11%
                Number of reads unmapped: other |	9464
                     % of reads unmapped: other |	0.37%
                                  CHIMERIC READS:
                       Number of chimeric reads |	0
                            % of chimeric reads |	0.00%
