                                 Started job on |	Oct 13 22:39:24
                             Started mapping on |	Oct 13 22:39:45
                                    Finished on |	Oct 13 22:39:59
       Mapping speed, Million of reads per hour |	582.90

                          Number of input reads |	2266846
                      Average input read length |	39
                                    UNIQUE READS:
                   Uniquely mapped reads number |	1868849
                        Uniquely mapped reads % |	82.44%
                          Average mapped length |	39.49
                       Number of splices: Total |	202996
            Number of splices: Annotated (sjdb) |	201820
                       Number of splices: GT/AG |	201032
                       Number of splices: GC/AG |	1536
                       Number of splices: AT/AC |	201
               Number of splices: Non-canonical |	227
                      Mismatch rate per base, % |	0.12%
                         Deletion rate per base |	0.00%
                        Deletion average length |	1.38
                        Insertion rate per base |	0.00%
                       Insertion average length |	1.16
                             MULTI-MAPPING READS:
        Number of reads mapped to multiple loci |	371937
             % of reads mapped to multiple loci |	16.41%
        Number of reads mapped to too many loci |	16249
             % of reads mapped to too many loci |	0.72%
                                  UNMAPPED READS:
  Number of reads unmapped: too many mismatches |	0
       % of reads unmapped: too many mismatches |	0.00%
            Number of reads unmapped: too short |	2242
                 % of reads unmapped: too short |	0.10%
                Number of reads unmapped: other |	7569
                     % of reads unmapped: other |	0.33%
                                  CHIMERIC READS:
                       Number of chimeric reads |	0
                            % of chimeric reads |	0.00%
