                                 Started job on |	Oct 13 22:42:09
                             Started mapping on |	Oct 13 22:42:30
                                    Finished on |	Oct 13 22:42:42
       Mapping speed, Million of reads per hour |	645.85

                          Number of input reads |	2152837
                      Average input read length |	39
                                    UNIQUE READS:
                   Uniquely mapped reads number |	1774317
                        Uniquely mapped reads % |	82.42%
                          Average mapped length |	39.51
                       Number of splices: Total |	193722
            Number of splices: Annotated (sjdb) |	192623
                       Number of splices: GT/AG |	191853
                       Number of splices: GC/AG |	1449
                       Number of splices: AT/AC |	191
               Number of splices: Non-canonical |	229
                      Mismatch rate per base, % |	0.16%
                         Deletion rate per base |	0.00%
                        Deletion average length |	1.41
                        Insertion rate per base |	0.00%
                       Insertion average length |	1.18
                             MULTI-MAPPING READS:
        Number of reads mapped to multiple loci |	353520
             % of reads mapped to multiple loci |	16.42%
        Number of reads mapped to too many loci |	15740
             % of reads mapped to too many loci |	0.73%
                                  UNMAPPED READS:
  Number of reads unmapped: too many mismatches |	0
       % of reads unmapped: too many mismatches |	0.00%
            Number of reads unmapped: too short |	2198
                 % of reads unmapped: too short |	0.10%
                Number of reads unmapped: other |	7062
                     % of reads unmapped: other |	0.33%
                                  CHIMERIC READS:
                       Number of chimeric reads |	0
                            % of chimeric reads |	0.00%
