                                 Started job on |	Oct 13 22:46:25
                             Started mapping on |	Oct 13 22:46:44
                                    Finished on |	Oct 13 22:46:55
       Mapping speed, Million of reads per hour |	472.72

                          Number of input reads |	1444436
                      Average input read length |	39
                                    UNIQUE READS:
                   Uniquely mapped reads number |	1191111
                        Uniquely mapped reads % |	82.46%
                          Average mapped length |	39.50
                       Number of splices: Total |	124680
            Number of splices: Annotated (sjdb) |	124038
                       Number of splices: GT/AG |	123464
                       Number of splices: GC/AG |	938
                       Number of splices: AT/AC |	142
               Number of splices: Non-canonical |	136
                      Mismatch rate per base, % |	0.15%
                         Deletion rate per base |	0.00%
                        Deletion average length |	1.42
                        Insertion rate per base |	0.00%
                       Insertion average length |	1.19
                             MULTI-MAPPING READS:
        Number of reads mapped to multiple loci |	235127
             % of reads mapped to multiple loci |	16.28%
        Number of reads mapped to too many loci |	10995
             % of reads mapped to too many loci |	0.76%
                                  UNMAPPED READS:
  Number of reads unmapped: too many mismatches |	0
       % of reads unmapped: too many mismatches |	0.00%
            Number of reads unmapped: too short |	1698
                 % of reads unmapped: too short |	0.12%
                Number of reads unmapped: other |	5505
                     % of reads unmapped: other |	0.38%
                                  CHIMERIC READS:
                       Number of chimeric reads |	0
                            % of chimeric reads |	0.00%
