                                 Started job on |	Oct 13 22:46:30
                             Started mapping on |	Oct 13 22:46:47
                                    Finished on |	Oct 13 22:46:57
       Mapping speed, Million of reads per hour |	265.00

                          Number of input reads |	736121
                      Average input read length |	39
                                    UNIQUE READS:
                   Uniquely mapped reads number |	614037
                        Uniquely mapped reads % |	83.42%
                          Average mapped length |	39.48
                       Number of splices: Total |	63342
            Number of splices: Annotated (sjdb) |	62997
                       Number of splices: GT/AG |	62725
                       Number of splices: GC/AG |	489
                       Number of splices: AT/AC |	61
               Number of splices: Non-canonical |	67
                      Mismatch rate per base, % |	0.16%
                         Deletion rate per base |	0.00%
                        Deletion average length |	1.43
                        Insertion rate per base |	0.00%
                       Insertion average length |	1.19
                             MULTI-MAPPING READS:
        Number of reads mapped to multiple loci |	112838
             % of reads mapped to multiple loci |	15.33%
        Number of reads mapped to too many loci |	5227
             % of reads mapped to too many loci |	0.71%
                                  UNMAPPED READS:
  Number of reads unmapped: too many mismatches |	0
       % of reads unmapped: too many mismatches |	0.00%
            Number of reads unmapped: too short |	980
                 % of reads unmapped: too short |	0.13%
                Number of reads unmapped: other |	3039
                     % of reads unmapped: other |	0.41%
                                  CHIMERIC READS:
                       Number of chimeric reads |	0
                            % of chimeric reads |	0.00%
