                                 Started job on |	Oct 13 22:44:29
                             Started mapping on |	Oct 13 22:44:48
                                    Finished on |	Oct 13 22:45:01
       Mapping speed, Million of reads per hour |	504.72

                          Number of input reads |	1822610
                      Average input read length |	39
                                    UNIQUE READS:
                   Uniquely mapped reads number |	1517135
                        Uniquely mapped reads % |	83.24%
                          Average mapped length |	39.50
                       Number of splices: Total |	166475
            Number of splices: Annotated (sjdb) |	165465
                       Number of splices: GT/AG |	164772
                       Number of splices: GC/AG |	1297
                       Number of splices: AT/AC |	194
               Number of splices: Non-canonical |	212
                      Mismatch rate per base, % |	0.17%
                         Deletion rate per base |	0.00%
                        Deletion average length |	1.39
                        Insertion rate per base |	0.00%
                       Insertion average length |	1.17
                             MULTI-MAPPING READS:
        Number of reads mapped to multiple loci |	284038
             % of reads mapped to multiple loci |	15.58%
        Number of reads mapped to too many loci |	12758
             % of reads mapped to too many loci |	0.70%
                                  UNMAPPED READS:
  Number of reads unmapped: too many mismatches |	0
       % of reads unmapped: too many mismatches |	0.00%
            Number of reads unmapped: too short |	2193
                 % of reads unmapped: too short |	0.12%
                Number of reads unmapped: other |	6486
                     % of reads unmapped: other |	0.36%
                                  CHIMERIC READS:
                       Number of chimeric reads |	0
                            % of chimeric reads |	0.00%
