                                 Started job on |	Oct 13 22:45:51
                             Started mapping on |	Oct 13 22:46:10
                                    Finished on |	Oct 13 22:46:22
       Mapping speed, Million of reads per hour |	485.05

                          Number of input reads |	1616832
                      Average input read length |	39
                                    UNIQUE READS:
                   Uniquely mapped reads number |	1345742
                        Uniquely mapped reads % |	83.23%
                          Average mapped length |	39.50
                       Number of splices: Total |	150917
            Number of splices: Annotated (sjdb) |	150148
                       Number of splices: GT/AG |	149527
                       Number of splices: GC/AG |	1115
                       Number of splices: AT/AC |	120
               Number of splices: Non-canonical |	155
                      Mismatch rate per base, % |	0.15%
                         Deletion rate per base |	0.00%
                        Deletion average length |	1.39
                        Insertion rate per base |	0.00%
                       Insertion average length |	1.16
                             MULTI-MAPPING READS:
        Number of reads mapped to multiple loci |	252931
             % of reads mapped to multiple loci |	15.64%
        Number of reads mapped to too many loci |	11310
             % of reads mapped to too many loci |	0.70%
                                  UNMAPPED READS:
  Number of reads unmapped: too many mismatches |	0
       % of reads unmapped: too many mismatches |	0.00%
            Number of reads unmapped: too short |	1557
                 % of reads unmapped: too short |	0.10%
                Number of reads unmapped: other |	5292
                     % of reads unmapped: other |	0.33%
                                  CHIMERIC READS:
                       Number of chimeric reads |	0
                            % of chimeric reads |	0.00%
