                                 Started job on |	Oct 13 22:47:12
                             Started mapping on |	Oct 13 22:47:26
                                    Finished on |	Oct 13 22:47:33
       Mapping speed, Million of reads per hour |	339.46

                          Number of input reads |	660054
                      Average input read length |	39
                                    UNIQUE READS:
                   Uniquely mapped reads number |	550293
                        Uniquely mapped reads % |	83.37%
                          Average mapped length |	39.50
                       Number of splices: Total |	56594
            Number of splices: Annotated (sjdb) |	56301
                       Number of splices: GT/AG |	56046
                       Number of splices: GC/AG |	432
                       Number of splices: AT/AC |	57
               Number of splices: Non-canonical |	59
                      Mismatch rate per base, % |	0.17%
                         Deletion rate per base |	0.00%
                        Deletion average length |	1.39
                        Insertion rate per base |	0.00%
                       Insertion average length |	1.16
                             MULTI-MAPPING READS:
        Number of reads mapped to multiple loci |	101438
             % of reads mapped to multiple loci |	15.37%
        Number of reads mapped to too many loci |	4779
             % of reads mapped to too many loci |	0.72%
                                  UNMAPPED READS:
  Number of reads unmapped: too many mismatches |	0
       % of reads unmapped: too many mismatches |	0.00%
            Number of reads unmapped: too short |	879
                 % of reads unmapped: too short |	0.13%
                Number of reads unmapped: other |	2665
                     % of reads unmapped: other |	0.40%
                                  CHIMERIC READS:
                       Number of chimeric reads |	0
                            % of chimeric reads |	0.00%
