                                 Started job on |	Oct 13 22:46:01
                             Started mapping on |	Oct 13 22:46:18
                                    Finished on |	Oct 13 22:46:27
       Mapping speed, Million of reads per hour |	582.73

                          Number of input reads |	1456821
                      Average input read length |	39
                                    UNIQUE READS:
                   Uniquely mapped reads number |	1201580
                        Uniquely mapped reads % |	82.48%
                          Average mapped length |	39.52
                       Number of splices: Total |	126696
            Number of splices: Annotated (sjdb) |	126015
                       Number of splices: GT/AG |	125556
                       Number of splices: GC/AG |	894
                       Number of splices: AT/AC |	119
               Number of splices: Non-canonical |	127
                      Mismatch rate per base, % |	0.13%
                         Deletion rate per base |	0.00%
                        Deletion average length |	1.39
                        Insertion rate per base |	0.00%
                       Insertion average length |	1.16
                             MULTI-MAPPING READS:
        Number of reads mapped to multiple loci |	237302
             % of reads mapped to multiple loci |	16.29%
        Number of reads mapped to too many loci |	10842
             % of reads mapped to too many loci |	0.74%
                                  UNMAPPED READS:
  Number of reads unmapped: too many mismatches |	0
       % of reads unmapped: too many mismatches |	0.00%
            Number of reads unmapped: too short |	1568
                 % of reads unmapped: too short |	0.11%
                Number of reads unmapped: other |	5529
                     % of reads unmapped: other |	0.38%
                                  CHIMERIC READS:
                       Number of chimeric reads |	0
                            % of chimeric reads |	0.00%
