                                 Started job on |	Oct 13 22:37:35
                             Started mapping on |	Oct 13 22:37:52
                                    Finished on |	Oct 13 22:38:10
       Mapping speed, Million of reads per hour |	513.64

                          Number of input reads |	2568189
                      Average input read length |	39
                                    UNIQUE READS:
                   Uniquely mapped reads number |	2138903
                        Uniquely mapped reads % |	83.28%
                          Average mapped length |	39.50
                       Number of splices: Total |	238960
            Number of splices: Annotated (sjdb) |	237649
                       Number of splices: GT/AG |	236754
                       Number of splices: GC/AG |	1715
                       Number of splices: AT/AC |	219
               Number of splices: Non-canonical |	272
                      Mismatch rate per base, % |	0.15%
                         Deletion rate per base |	0.00%
                        Deletion average length |	1.41
                        Insertion rate per base |	0.00%
                       Insertion average length |	1.17
                             MULTI-MAPPING READS:
        Number of reads mapped to multiple loci |	400768
             % of reads mapped to multiple loci |	15.61%
        Number of reads mapped to too many loci |	17394
             % of reads mapped to too many loci |	0.68%
                                  UNMAPPED READS:
  Number of reads unmapped: too many mismatches |	0
       % of reads unmapped: too many mismatches |	0.00%
            Number of reads unmapped: too short |	2475
                 % of reads unmapped: too short |	0.10%
                Number of reads unmapped: other |	8649
                     % of reads unmapped: other |	0.34%
                                  CHIMERIC READS:
                       Number of chimeric reads |	0
                            % of chimeric reads |	0.00%
