                                 Started job on |	Oct 13 22:41:25
                             Started mapping on |	Oct 13 22:41:51
                                    Finished on |	Oct 13 22:42:07
       Mapping speed, Million of reads per hour |	474.97

                          Number of input reads |	2110961
                      Average input read length |	39
                                    UNIQUE READS:
                   Uniquely mapped reads number |	1758149
                        Uniquely mapped reads % |	83.29%
                          Average mapped length |	39.44
                       Number of splices: Total |	179698
            Number of splices: Annotated (sjdb) |	178708
                       Number of splices: GT/AG |	177953
                       Number of splices: GC/AG |	1387
                       Number of splices: AT/AC |	166
               Number of splices: Non-canonical |	192
                      Mismatch rate per base, % |	0.15%
                         Deletion rate per base |	0.00%
                        Deletion average length |	1.41
                        Insertion rate per base |	0.00%
                       Insertion average length |	1.19
                             MULTI-MAPPING READS:
        Number of reads mapped to multiple loci |	326477
             % of reads mapped to multiple loci |	15.47%
        Number of reads mapped to too many loci |	15743
             % of reads mapped to too many loci |	0.75%
                                  UNMAPPED READS:
  Number of reads unmapped: too many mismatches |	0
       % of reads unmapped: too many mismatches |	0.00%
            Number of reads unmapped: too short |	2579
                 % of reads unmapped: too short |	0.12%
                Number of reads unmapped: other |	8013
                     % of reads unmapped: other |	0.38%
                                  CHIMERIC READS:
                       Number of chimeric reads |	0
                            % of chimeric reads |	0.00%
