                                 Started job on |	Oct 13 22:42:11
                             Started mapping on |	Oct 13 22:42:31
                                    Finished on |	Oct 13 22:42:50
       Mapping speed, Million of reads per hour |	407.39

                          Number of input reads |	2150137
                      Average input read length |	39
                                    UNIQUE READS:
                   Uniquely mapped reads number |	1771899
                        Uniquely mapped reads % |	82.41%
                          Average mapped length |	39.52
                       Number of splices: Total |	192957
            Number of splices: Annotated (sjdb) |	191851
                       Number of splices: GT/AG |	191096
                       Number of splices: GC/AG |	1474
                       Number of splices: AT/AC |	177
               Number of splices: Non-canonical |	210
                      Mismatch rate per base, % |	0.12%
                         Deletion rate per base |	0.00%
                        Deletion average length |	1.40
                        Insertion rate per base |	0.00%
                       Insertion average length |	1.16
                             MULTI-MAPPING READS:
        Number of reads mapped to multiple loci |	353494
             % of reads mapped to multiple loci |	16.44%
        Number of reads mapped to too many loci |	15607
             % of reads mapped to too many loci |	0.73%
                                  UNMAPPED READS:
  Number of reads unmapped: too many mismatches |	0
       % of reads unmapped: too many mismatches |	0.00%
            Number of reads unmapped: too short |	2028
                 % of reads unmapped: too short |	0.09%
                Number of reads unmapped: other |	7109
                     % of reads unmapped: other |	0.33%
                                  CHIMERIC READS:
                       Number of chimeric reads |	0
                            % of chimeric reads |	0.00%
