                                 Started job on |	Oct 13 22:34:04
                             Started mapping on |	Oct 13 22:34:22
                                    Finished on |	Oct 13 22:34:43
       Mapping speed, Million of reads per hour |	469.09

                          Number of input reads |	2736352
                      Average input read length |	39
                                    UNIQUE READS:
                   Uniquely mapped reads number |	2278749
                        Uniquely mapped reads % |	83.28%
                          Average mapped length |	39.50
                       Number of splices: Total |	254207
            Number of splices: Annotated (sjdb) |	252854
                       Number of splices: GT/AG |	251792
                       Number of splices: GC/AG |	1894
                       Number of splices: AT/AC |	275
               Number of splices: Non-canonical |	246
                      Mismatch rate per base, % |	0.15%
                         Deletion rate per base |	0.00%
                        Deletion average length |	1.36
                        Insertion rate per base |	0.00%
                       Insertion average length |	1.19
                             MULTI-MAPPING READS:
        Number of reads mapped to multiple loci |	426631
             % of reads mapped to multiple loci |	15.59%
        Number of reads mapped to too many loci |	18729
             % of reads mapped to too many loci |	0.68%
                                  UNMAPPED READS:
  Number of reads unmapped: too many mismatches |	0
       % of reads unmapped: too many mismatches |	0.00%
            Number of reads unmapped: too short |	2879
                 % of reads unmapped: too short |	0.11%
                Number of reads unmapped: other |	9364
                     % of reads unmapped: other |	0.34%
                                  CHIMERIC READS:
                       Number of chimeric reads |	0
                            % of chimeric reads |	0.00%
