                                 Started job on |	Oct 13 22:36:23
                             Started mapping on |	Oct 13 22:36:42
                                    Finished on |	Oct 13 22:37:01
       Mapping speed, Million of reads per hour |	487.69

                          Number of input reads |	2573937
                      Average input read length |	39
                                    UNIQUE READS:
                   Uniquely mapped reads number |	2144602
                        Uniquely mapped reads % |	83.32%
                          Average mapped length |	39.49
                       Number of splices: Total |	235846
            Number of splices: Annotated (sjdb) |	234497
                       Number of splices: GT/AG |	233478
                       Number of splices: GC/AG |	1862
                       Number of splices: AT/AC |	241
               Number of splices: Non-canonical |	265
                      Mismatch rate per base, % |	0.12%
                         Deletion rate per base |	0.00%
                        Deletion average length |	1.42
                        Insertion rate per base |	0.00%
                       Insertion average length |	1.19
                             MULTI-MAPPING READS:
        Number of reads mapped to multiple loci |	399699
             % of reads mapped to multiple loci |	15.53%
        Number of reads mapped to too many loci |	17565
             % of reads mapped to too many loci |	0.68%
                                  UNMAPPED READS:
  Number of reads unmapped: too many mismatches |	0
       % of reads unmapped: too many mismatches |	0.00%
            Number of reads unmapped: too short |	2440
                 % of reads unmapped: too short |	0.09%
                Number of reads unmapped: other |	9631
                     % of reads unmapped: other |	0.37%
                                  CHIMERIC READS:
                       Number of chimeric reads |	0
                            % of chimeric reads |	0.00%
