                                 Started job on |	Oct 13 22:38:14
                             Started mapping on |	Oct 13 22:38:30
                                    Finished on |	Oct 13 22:38:45
       Mapping speed, Million of reads per hour |	593.14

                          Number of input reads |	2471425
                      Average input read length |	39
                                    UNIQUE READS:
                   Uniquely mapped reads number |	2059730
                        Uniquely mapped reads % |	83.34%
                          Average mapped length |	39.50
                       Number of splices: Total |	226276
            Number of splices: Annotated (sjdb) |	224925
                       Number of splices: GT/AG |	224009
                       Number of splices: GC/AG |	1760
                       Number of splices: AT/AC |	224
               Number of splices: Non-canonical |	283
                      Mismatch rate per base, % |	0.12%
                         Deletion rate per base |	0.00%
                        Deletion average length |	1.39
                        Insertion rate per base |	0.00%
                       Insertion average length |	1.19
                             MULTI-MAPPING READS:
        Number of reads mapped to multiple loci |	383178
             % of reads mapped to multiple loci |	15.50%
        Number of reads mapped to too many loci |	16796
             % of reads mapped to too many loci |	0.68%
                                  UNMAPPED READS:
  Number of reads unmapped: too many mismatches |	0
       % of reads unmapped: too many mismatches |	0.00%
            Number of reads unmapped: too short |	2426
                 % of reads unmapped: too short |	0.10%
                Number of reads unmapped: other |	9295
                     % of reads unmapped: other |	0.38%
                                  CHIMERIC READS:
                       Number of chimeric reads |	0
                            % of chimeric reads |	0.00%
