                                 Started job on |	Oct 13 22:33:59
                             Started mapping on |	Oct 13 22:34:20
                                    Finished on |	Oct 13 22:34:37
       Mapping speed, Million of reads per hour |	580.47

                          Number of input reads |	2741107
                      Average input read length |	39
                                    UNIQUE READS:
                   Uniquely mapped reads number |	2282587
                        Uniquely mapped reads % |	83.27%
                          Average mapped length |	39.50
                       Number of splices: Total |	255098
            Number of splices: Annotated (sjdb) |	253693
                       Number of splices: GT/AG |	252727
                       Number of splices: GC/AG |	1841
                       Number of splices: AT/AC |	245
               Number of splices: Non-canonical |	285
                      Mismatch rate per base, % |	0.11%
                         Deletion rate per base |	0.00%
                        Deletion average length |	1.41
                        Insertion rate per base |	0.00%
                       Insertion average length |	1.16
                             MULTI-MAPPING READS:
        Number of reads mapped to multiple loci |	427869
             % of reads mapped to multiple loci |	15.61%
        Number of reads mapped to too many loci |	18683
             % of reads mapped to too many loci |	0.68%
                                  UNMAPPED READS:
  Number of reads unmapped: too many mismatches |	0
       % of reads unmapped: too many mismatches |	0.00%
            Number of reads unmapped: too short |	2371
                 % of reads unmapped: too short |	0.09%
                Number of reads unmapped: other |	9597
                     % of reads unmapped: other |	0.35%
                                  CHIMERIC READS:
                       Number of chimeric reads |	0
                            % of chimeric reads |	0.00%
