                                 Started job on |	Oct 13 22:42:35
                             Started mapping on |	Oct 13 22:42:59
                                    Finished on |	Oct 13 22:43:15
       Mapping speed, Million of reads per hour |	460.81

                          Number of input reads |	2048065
                      Average input read length |	39
                                    UNIQUE READS:
                   Uniquely mapped reads number |	1708577
                        Uniquely mapped reads % |	83.42%
                          Average mapped length |	39.50
                       Number of splices: Total |	187497
            Number of splices: Annotated (sjdb) |	186369
                       Number of splices: GT/AG |	185659
                       Number of splices: GC/AG |	1443
                       Number of splices: AT/AC |	187
               Number of splices: Non-canonical |	208
                      Mismatch rate per base, % |	0.14%
                         Deletion rate per base |	0.00%
                        Deletion average length |	1.37
                        Insertion rate per base |	0.00%
                       Insertion average length |	1.17
                             MULTI-MAPPING READS:
        Number of reads mapped to multiple loci |	315777
             % of reads mapped to multiple loci |	15.42%
        Number of reads mapped to too many loci |	14404
             % of reads mapped to too many loci |	0.70%
                                  UNMAPPED READS:
  Number of reads unmapped: too many mismatches |	0
       % of reads unmapped: too many mismatches |	0.00%
            Number of reads unmapped: too short |	1996
                 % of reads unmapped: too short |	0.10%
                Number of reads unmapped: other |	7311
                     % of reads unmapped: other |	0.36%
                                  CHIMERIC READS:
                       Number of chimeric reads |	0
                            % of chimeric reads |	0.00%
