                                 Started job on |	Oct 13 22:40:46
                             Started mapping on |	Oct 13 22:41:06
                                    Finished on |	Oct 13 22:41:29
       Mapping speed, Million of reads per hour |	336.62

                          Number of input reads |	2150630
                      Average input read length |	39
                                    UNIQUE READS:
                   Uniquely mapped reads number |	1792185
                        Uniquely mapped reads % |	83.33%
                          Average mapped length |	39.47
                       Number of splices: Total |	184265
            Number of splices: Annotated (sjdb) |	183317
                       Number of splices: GT/AG |	182483
                       Number of splices: GC/AG |	1390
                       Number of splices: AT/AC |	176
               Number of splices: Non-canonical |	216
                      Mismatch rate per base, % |	0.12%
                         Deletion rate per base |	0.00%
                        Deletion average length |	1.40
                        Insertion rate per base |	0.00%
                       Insertion average length |	1.21
                             MULTI-MAPPING READS:
        Number of reads mapped to multiple loci |	332323
             % of reads mapped to multiple loci |	15.45%
        Number of reads mapped to too many loci |	16079
             % of reads mapped to too many loci |	0.75%
                                  UNMAPPED READS:
  Number of reads unmapped: too many mismatches |	0
       % of reads unmapped: too many mismatches |	0.00%
            Number of reads unmapped: too short |	1765
                 % of reads unmapped: too short |	0.08%
                Number of reads unmapped: other |	8278
                     % of reads unmapped: other |	0.38%
                                  CHIMERIC READS:
                       Number of chimeric reads |	0
                            % of chimeric reads |	0.00%
