                                 Started job on |	Oct 13 22:34:54
                             Started mapping on |	Oct 13 22:35:13
                                    Finished on |	Oct 13 22:35:27
       Mapping speed, Million of reads per hour |	660.57

                          Number of input reads |	2568874
                      Average input read length |	39
                                    UNIQUE READS:
                   Uniquely mapped reads number |	1982850
                        Uniquely mapped reads % |	77.19%
                          Average mapped length |	39.44
                       Number of splices: Total |	202103
            Number of splices: Annotated (sjdb) |	201120
                       Number of splices: GT/AG |	200203
                       Number of splices: GC/AG |	1513
                       Number of splices: AT/AC |	166
               Number of splices: Non-canonical |	221
                      Mismatch rate per base, % |	0.13%
                         Deletion rate per base |	0.00%
                        Deletion average length |	1.32
                        Insertion rate per base |	0.00%
                       Insertion average length |	1.19
                             MULTI-MAPPING READS:
        Number of reads mapped to multiple loci |	550864
             % of reads mapped to multiple loci |	21.44%
        Number of reads mapped to too many loci |	25797
             % of reads mapped to too many loci |	1.00%
                                  UNMAPPED READS:
  Number of reads unmapped: too many mismatches |	0
       % of reads unmapped: too many mismatches |	0.00%
            Number of reads unmapped: too short |	2216
                 % of reads unmapped: too short |	0.09%
                Number of reads unmapped: other |	7147
                     % of reads unmapped: other |	0.28%
                                  CHIMERIC READS:
                       Number of chimeric reads |	0
                            % of chimeric reads |	0.00%
