                                 Started job on |	Oct 13 22:46:59
                             Started mapping on |	Oct 13 22:47:13
                                    Finished on |	Oct 13 22:47:19
       Mapping speed, Million of reads per hour |	405.01

                          Number of input reads |	675022
                      Average input read length |	39
                                    UNIQUE READS:
                   Uniquely mapped reads number |	563290
                        Uniquely mapped reads % |	83.45%
                          Average mapped length |	39.50
                       Number of splices: Total |	58423
            Number of splices: Annotated (sjdb) |	58102
                       Number of splices: GT/AG |	57841
                       Number of splices: GC/AG |	449
                       Number of splices: AT/AC |	66
               Number of splices: Non-canonical |	67
                      Mismatch rate per base, % |	0.14%
                         Deletion rate per base |	0.00%
                        Deletion average length |	1.44
                        Insertion rate per base |	0.00%
                       Insertion average length |	1.18
                             MULTI-MAPPING READS:
        Number of reads mapped to multiple loci |	103263
             % of reads mapped to multiple loci |	15.30%
        Number of reads mapped to too many loci |	4854
             % of reads mapped to too many loci |	0.72%
                                  UNMAPPED READS:
  Number of reads unmapped: too many mismatches |	0
       % of reads unmapped: too many mismatches |	0.00%
            Number of reads unmapped: too short |	805
                 % of reads unmapped: too short |	0.12%
                Number of reads unmapped: other |	2810
                     % of reads unmapped: other |	0.42%
                                  CHIMERIC READS:
                       Number of chimeric reads |	0
                            % of chimeric reads |	0.00%
