                                 Started job on |	Oct 13 22:42:46
                             Started mapping on |	Oct 13 22:43:01
                                    Finished on |	Oct 13 22:43:15
       Mapping speed, Million of reads per hour |	515.36

                          Number of input reads |	2004180
                      Average input read length |	39
                                    UNIQUE READS:
                   Uniquely mapped reads number |	1671314
                        Uniquely mapped reads % |	83.39%
                          Average mapped length |	39.51
                       Number of splices: Total |	183495
            Number of splices: Annotated (sjdb) |	182386
                       Number of splices: GT/AG |	181723
                       Number of splices: GC/AG |	1399
                       Number of splices: AT/AC |	176
               Number of splices: Non-canonical |	197
                      Mismatch rate per base, % |	0.17%
                         Deletion rate per base |	0.00%
                        Deletion average length |	1.39
                        Insertion rate per base |	0.00%
                       Insertion average length |	1.21
                             MULTI-MAPPING READS:
        Number of reads mapped to multiple loci |	309408
             % of reads mapped to multiple loci |	15.44%
        Number of reads mapped to too many loci |	14122
             % of reads mapped to too many loci |	0.70%
                                  UNMAPPED READS:
  Number of reads unmapped: too many mismatches |	0
       % of reads unmapped: too many mismatches |	0.00%
            Number of reads unmapped: too short |	2141
                 % of reads unmapped: too short |	0.11%
                Number of reads unmapped: other |	7195
                     % of reads unmapped: other |	0.36%
                                  CHIMERIC READS:
                       Number of chimeric reads |	0
                            % of chimeric reads |	0.00%
