                                 Started job on |	Oct 13 22:44:50
                             Started mapping on |	Oct 13 22:45:05
                                    Finished on |	Oct 13 22:45:16
       Mapping speed, Million of reads per hour |	584.72

                          Number of input reads |	1786647
                      Average input read length |	39
                                    UNIQUE READS:
                   Uniquely mapped reads number |	1485712
                        Uniquely mapped reads % |	83.16%
                          Average mapped length |	39.49
                       Number of splices: Total |	162840
            Number of splices: Annotated (sjdb) |	161854
                       Number of splices: GT/AG |	161223
                       Number of splices: GC/AG |	1272
                       Number of splices: AT/AC |	167
               Number of splices: Non-canonical |	178
                      Mismatch rate per base, % |	0.16%
                         Deletion rate per base |	0.00%
                        Deletion average length |	1.38
                        Insertion rate per base |	0.00%
                       Insertion average length |	1.19
                             MULTI-MAPPING READS:
        Number of reads mapped to multiple loci |	279778
             % of reads mapped to multiple loci |	15.66%
        Number of reads mapped to too many loci |	12462
             % of reads mapped to too many loci |	0.70%
                                  UNMAPPED READS:
  Number of reads unmapped: too many mismatches |	0
       % of reads unmapped: too many mismatches |	0.00%
            Number of reads unmapped: too short |	2126
                 % of reads unmapped: too short |	0.12%
                Number of reads unmapped: other |	6569
                     % of reads unmapped: other |	0.37%
                                  CHIMERIC READS:
                       Number of chimeric reads |	0
                            % of chimeric reads |	0.00%
