                                 Started job on |	Oct 13 22:38:03
                             Started mapping on |	Oct 13 22:38:19
                                    Finished on |	Oct 13 22:38:36
       Mapping speed, Million of reads per hour |	530.24

                          Number of input reads |	2503909
                      Average input read length |	39
                                    UNIQUE READS:
                   Uniquely mapped reads number |	2002789
                        Uniquely mapped reads % |	79.99%
                          Average mapped length |	39.49
                       Number of splices: Total |	257644
            Number of splices: Annotated (sjdb) |	256744
                       Number of splices: GT/AG |	255229
                       Number of splices: GC/AG |	1921
                       Number of splices: AT/AC |	231
               Number of splices: Non-canonical |	263
                      Mismatch rate per base, % |	0.15%
                         Deletion rate per base |	0.00%
                        Deletion average length |	1.34
                        Insertion rate per base |	0.00%
                       Insertion average length |	1.16
                             MULTI-MAPPING READS:
        Number of reads mapped to multiple loci |	475150
             % of reads mapped to multiple loci |	18.98%
        Number of reads mapped to too many loci |	18216
             % of reads mapped to too many loci |	0.73%
                                  UNMAPPED READS:
  Number of reads unmapped: too many mismatches |	0
       % of reads unmapped: too many mismatches |	0.00%
            Number of reads unmapped: too short |	3231
                 % of reads unmapped: too short |	0.13%
                Number of reads unmapped: other |	4523
                     % of reads unmapped: other |	0.18%
                                  CHIMERIC READS:
                       Number of chimeric reads |	0
                            % of chimeric reads |	0.00%
