                                 Started job on |	Oct 13 22:36:41
                             Started mapping on |	Oct 13 22:36:54
                                    Finished on |	Oct 13 22:37:06
       Mapping speed, Million of reads per hour |	785.35

                          Number of input reads |	2617845
                      Average input read length |	39
                                    UNIQUE READS:
                   Uniquely mapped reads number |	2179792
                        Uniquely mapped reads % |	83.27%
                          Average mapped length |	39.52
                       Number of splices: Total |	244499
            Number of splices: Annotated (sjdb) |	243158
                       Number of splices: GT/AG |	242139
                       Number of splices: GC/AG |	1856
                       Number of splices: AT/AC |	245
               Number of splices: Non-canonical |	259
                      Mismatch rate per base, % |	0.16%
                         Deletion rate per base |	0.00%
                        Deletion average length |	1.39
                        Insertion rate per base |	0.00%
                       Insertion average length |	1.18
                             MULTI-MAPPING READS:
        Number of reads mapped to multiple loci |	408857
             % of reads mapped to multiple loci |	15.62%
        Number of reads mapped to too many loci |	17792
             % of reads mapped to too many loci |	0.68%
                                  UNMAPPED READS:
  Number of reads unmapped: too many mismatches |	0
       % of reads unmapped: too many mismatches |	0.00%
            Number of reads unmapped: too short |	2525
                 % of reads unmapped: too short |	0.10%
                Number of reads unmapped: other |	8879
                     % of reads unmapped: other |	0.34%
                                  CHIMERIC READS:
                       Number of chimeric reads |	0
                            % of chimeric reads |	0.00%
