                                 Started job on |	Oct 13 22:37:29
                             Started mapping on |	Oct 13 22:37:44
                                    Finished on |	Oct 13 22:38:00
       Mapping speed, Million of reads per hour |	572.99

                          Number of input reads |	2546600
                      Average input read length |	39
                                    UNIQUE READS:
                   Uniquely mapped reads number |	2037558
                        Uniquely mapped reads % |	80.01%
                          Average mapped length |	39.50
                       Number of splices: Total |	262452
            Number of splices: Annotated (sjdb) |	261512
                       Number of splices: GT/AG |	260005
                       Number of splices: GC/AG |	1953
                       Number of splices: AT/AC |	237
               Number of splices: Non-canonical |	257
                      Mismatch rate per base, % |	0.17%
                         Deletion rate per base |	0.00%
                        Deletion average length |	1.31
                        Insertion rate per base |	0.00%
                       Insertion average length |	1.24
                             MULTI-MAPPING READS:
        Number of reads mapped to multiple loci |	483061
             % of reads mapped to multiple loci |	18.97%
        Number of reads mapped to too many loci |	18305
             % of reads mapped to too many loci |	0.72%
                                  UNMAPPED READS:
  Number of reads unmapped: too many mismatches |	0
       % of reads unmapped: too many mismatches |	0.00%
            Number of reads unmapped: too short |	3302
                 % of reads unmapped: too short |	0.13%
                Number of reads unmapped: other |	4374
                     % of reads unmapped: other |	0.17%
                                  CHIMERIC READS:
                       Number of chimeric reads |	0
                            % of chimeric reads |	0.00%
