                                 Started job on |	Oct 13 22:34:30
                             Started mapping on |	Oct 13 22:34:43
                                    Finished on |	Oct 13 22:34:55
       Mapping speed, Million of reads per hour |	805.75

                          Number of input reads |	2685839
                      Average input read length |	39
                                    UNIQUE READS:
                   Uniquely mapped reads number |	2150026
                        Uniquely mapped reads % |	80.05%
                          Average mapped length |	39.48
                       Number of splices: Total |	276627
            Number of splices: Annotated (sjdb) |	275683
                       Number of splices: GT/AG |	274017
                       Number of splices: GC/AG |	2087
                       Number of splices: AT/AC |	253
               Number of splices: Non-canonical |	270
                      Mismatch rate per base, % |	0.16%
                         Deletion rate per base |	0.00%
                        Deletion average length |	1.32
                        Insertion rate per base |	0.00%
                       Insertion average length |	1.21
                             MULTI-MAPPING READS:
        Number of reads mapped to multiple loci |	507642
             % of reads mapped to multiple loci |	18.90%
        Number of reads mapped to too many loci |	19579
             % of reads mapped to too many loci |	0.73%
                                  UNMAPPED READS:
  Number of reads unmapped: too many mismatches |	0
       % of reads unmapped: too many mismatches |	0.00%
            Number of reads unmapped: too short |	3835
                 % of reads unmapped: too short |	0.14%
                Number of reads unmapped: other |	4757
                     % of reads unmapped: other |	0.18%
                                  CHIMERIC READS:
                       Number of chimeric reads |	0
                            % of chimeric reads |	0.00%
