                                 Started job on |	Oct 13 22:36:06
                             Started mapping on |	Oct 13 22:36:21
                                    Finished on |	Oct 13 22:36:36
       Mapping speed, Million of reads per hour |	597.04

                          Number of input reads |	2487656
                      Average input read length |	39
                                    UNIQUE READS:
                   Uniquely mapped reads number |	1917893
                        Uniquely mapped reads % |	77.10%
                          Average mapped length |	39.42
                       Number of splices: Total |	194806
            Number of splices: Annotated (sjdb) |	193875
                       Number of splices: GT/AG |	192985
                       Number of splices: GC/AG |	1426
                       Number of splices: AT/AC |	191
               Number of splices: Non-canonical |	204
                      Mismatch rate per base, % |	0.15%
                         Deletion rate per base |	0.00%
                        Deletion average length |	1.29
                        Insertion rate per base |	0.00%
                       Insertion average length |	1.21
                             MULTI-MAPPING READS:
        Number of reads mapped to multiple loci |	534961
             % of reads mapped to multiple loci |	21.50%
        Number of reads mapped to too many loci |	24816
             % of reads mapped to too many loci |	1.00%
                                  UNMAPPED READS:
  Number of reads unmapped: too many mismatches |	0
       % of reads unmapped: too many mismatches |	0.00%
            Number of reads unmapped: too short |	2995
                 % of reads unmapped: too short |	0.12%
                Number of reads unmapped: other |	6991
                     % of reads unmapped: other |	0.28%
                                  CHIMERIC READS:
                       Number of chimeric reads |	0
                            % of chimeric reads |	0.00%
