                                 Started job on |	Oct 13 22:45:29
                             Started mapping on |	Oct 13 22:45:46
                                    Finished on |	Oct 13 22:45:58
       Mapping speed, Million of reads per hour |	481.34

                          Number of input reads |	1604452
                      Average input read length |	39
                                    UNIQUE READS:
                   Uniquely mapped reads number |	1324694
                        Uniquely mapped reads % |	82.56%
                          Average mapped length |	39.49
                       Number of splices: Total |	138392
            Number of splices: Annotated (sjdb) |	137636
                       Number of splices: GT/AG |	137034
                       Number of splices: GC/AG |	1060
                       Number of splices: AT/AC |	136
               Number of splices: Non-canonical |	162
                      Mismatch rate per base, % |	0.13%
                         Deletion rate per base |	0.00%
                        Deletion average length |	1.41
                        Insertion rate per base |	0.00%
                       Insertion average length |	1.16
                             MULTI-MAPPING READS:
        Number of reads mapped to multiple loci |	259725
             % of reads mapped to multiple loci |	16.19%
        Number of reads mapped to too many loci |	11961
             % of reads mapped to too many loci |	0.75%
                                  UNMAPPED READS:
  Number of reads unmapped: too many mismatches |	0
       % of reads unmapped: too many mismatches |	0.00%
            Number of reads unmapped: too short |	1782
                 % of reads unmapped: too short |	0.11%
                Number of reads unmapped: other |	6290
                     % of reads unmapped: other |	0.39%
                                  CHIMERIC READS:
                       Number of chimeric reads |	0
                            % of chimeric reads |	0.00%
