                                 Started job on |	Oct 13 22:41:38
                             Started mapping on |	Oct 13 22:41:53
                                    Finished on |	Oct 13 22:42:07
       Mapping speed, Million of reads per hour |	551.53

                          Number of input reads |	2144830
                      Average input read length |	39
                                    UNIQUE READS:
                   Uniquely mapped reads number |	1788647
                        Uniquely mapped reads % |	83.39%
                          Average mapped length |	39.49
                       Number of splices: Total |	196022
            Number of splices: Annotated (sjdb) |	194840
                       Number of splices: GT/AG |	194125
                       Number of splices: GC/AG |	1493
                       Number of splices: AT/AC |	192
               Number of splices: Non-canonical |	212
                      Mismatch rate per base, % |	0.13%
                         Deletion rate per base |	0.00%
                        Deletion average length |	1.38
                        Insertion rate per base |	0.00%
                       Insertion average length |	1.19
                             MULTI-MAPPING READS:
        Number of reads mapped to multiple loci |	331271
             % of reads mapped to multiple loci |	15.45%
        Number of reads mapped to too many loci |	15042
             % of reads mapped to too many loci |	0.70%
                                  UNMAPPED READS:
  Number of reads unmapped: too many mismatches |	0
       % of reads unmapped: too many mismatches |	0.00%
            Number of reads unmapped: too short |	1999
                 % of reads unmapped: too short |	0.09%
                Number of reads unmapped: other |	7871
                     % of reads unmapped: other |	0.37%
                                  CHIMERIC READS:
                       Number of chimeric reads |	0
                            % of chimeric reads |	0.00%
