                                 Started job on |	Oct 13 22:40:03
                             Started mapping on |	Oct 13 22:40:38
                                    Finished on |	Oct 13 22:40:52
       Mapping speed, Million of reads per hour |	547.07

                          Number of input reads |	2127490
                      Average input read length |	39
                                    UNIQUE READS:
                   Uniquely mapped reads number |	1773009
                        Uniquely mapped reads % |	83.34%
                          Average mapped length |	39.44
                       Number of splices: Total |	181477
            Number of splices: Annotated (sjdb) |	180539
                       Number of splices: GT/AG |	179604
                       Number of splices: GC/AG |	1466
                       Number of splices: AT/AC |	167
               Number of splices: Non-canonical |	240
                      Mismatch rate per base, % |	0.15%
                         Deletion rate per base |	0.00%
                        Deletion average length |	1.43
                        Insertion rate per base |	0.00%
                       Insertion average length |	1.20
                             MULTI-MAPPING READS:
        Number of reads mapped to multiple loci |	328504
             % of reads mapped to multiple loci |	15.44%
        Number of reads mapped to too many loci |	15933
             % of reads mapped to too many loci |	0.75%
                                  UNMAPPED READS:
  Number of reads unmapped: too many mismatches |	0
       % of reads unmapped: too many mismatches |	0.00%
            Number of reads unmapped: too short |	1961
                 % of reads unmapped: too short |	0.09%
                Number of reads unmapped: other |	8083
                     % of reads unmapped: other |	0.38%
                                  CHIMERIC READS:
                       Number of chimeric reads |	0
                            % of chimeric reads |	0.00%
