                                 Started job on |	Oct 13 22:37:48
                             Started mapping on |	Oct 13 22:38:01
                                    Finished on |	Oct 13 22:38:13
       Mapping speed, Million of reads per hour |	762.26

                          Number of input reads |	2540865
                      Average input read length |	39
                                    UNIQUE READS:
                   Uniquely mapped reads number |	2033490
                        Uniquely mapped reads % |	80.03%
                          Average mapped length |	39.51
                       Number of splices: Total |	261902
            Number of splices: Annotated (sjdb) |	261008
                       Number of splices: GT/AG |	259456
                       Number of splices: GC/AG |	1952
                       Number of splices: AT/AC |	243
               Number of splices: Non-canonical |	251
                      Mismatch rate per base, % |	0.13%
                         Deletion rate per base |	0.00%
                        Deletion average length |	1.34
                        Insertion rate per base |	0.00%
                       Insertion average length |	1.21
                             MULTI-MAPPING READS:
        Number of reads mapped to multiple loci |	481312
             % of reads mapped to multiple loci |	18.94%
        Number of reads mapped to too many loci |	18493
             % of reads mapped to too many loci |	0.73%
                                  UNMAPPED READS:
  Number of reads unmapped: too many mismatches |	0
       % of reads unmapped: too many mismatches |	0.00%
            Number of reads unmapped: too short |	3168
                 % of reads unmapped: too short |	0.12%
                Number of reads unmapped: other |	4402
                     % of reads unmapped: other |	0.17%
                                  CHIMERIC READS:
                       Number of chimeric reads |	0
                            % of chimeric reads |	0.00%
