                                 Started job on |	Oct 13 22:32:29
                             Started mapping on |	Oct 13 22:32:49
                                    Finished on |	Oct 13 22:33:15
       Mapping speed, Million of reads per hour |	547.19

                          Number of input reads |	3951934
                      Average input read length |	39
                                    UNIQUE READS:
                   Uniquely mapped reads number |	3175626
                        Uniquely mapped reads % |	80.36%
                          Average mapped length |	39.49
                       Number of splices: Total |	404384
            Number of splices: Annotated (sjdb) |	402965
                       Number of splices: GT/AG |	400571
                       Number of splices: GC/AG |	2986
                       Number of splices: AT/AC |	408
               Number of splices: Non-canonical |	419
                      Mismatch rate per base, % |	0.16%
                         Deletion rate per base |	0.00%
                        Deletion average length |	1.36
                        Insertion rate per base |	0.00%
                       Insertion average length |	1.18
                             MULTI-MAPPING READS:
        Number of reads mapped to multiple loci |	736205
             % of reads mapped to multiple loci |	18.63%
        Number of reads mapped to too many loci |	29036
             % of reads mapped to too many loci |	0.73%
                                  UNMAPPED READS:
  Number of reads unmapped: too many mismatches |	0
       % of reads unmapped: too many mismatches |	0.00%
            Number of reads unmapped: too short |	4364
                 % of reads unmapped: too short |	0.11%
                Number of reads unmapped: other |	6703
                     % of reads unmapped: other |	0.17%
                                  CHIMERIC READS:
                       Number of chimeric reads |	0
                            % of chimeric reads |	0.00%
