                                 Started job on |	Oct 13 22:42:53
                             Started mapping on |	Oct 13 22:43:14
                                    Finished on |	Oct 13 22:43:27
       Mapping speed, Million of reads per hour |	537.52

                          Number of input reads |	1941061
                      Average input read length |	39
                                    UNIQUE READS:
                   Uniquely mapped reads number |	1614659
                        Uniquely mapped reads % |	83.18%
                          Average mapped length |	39.48
                       Number of splices: Total |	176365
            Number of splices: Annotated (sjdb) |	175317
                       Number of splices: GT/AG |	174714
                       Number of splices: GC/AG |	1286
                       Number of splices: AT/AC |	187
               Number of splices: Non-canonical |	178
                      Mismatch rate per base, % |	0.16%
                         Deletion rate per base |	0.00%
                        Deletion average length |	1.40
                        Insertion rate per base |	0.00%
                       Insertion average length |	1.17
                             MULTI-MAPPING READS:
        Number of reads mapped to multiple loci |	302772
             % of reads mapped to multiple loci |	15.60%
        Number of reads mapped to too many loci |	13806
             % of reads mapped to too many loci |	0.71%
                                  UNMAPPED READS:
  Number of reads unmapped: too many mismatches |	0
       % of reads unmapped: too many mismatches |	0.00%
            Number of reads unmapped: too short |	2521
                 % of reads unmapped: too short |	0.13%
                Number of reads unmapped: other |	7303
                     % of reads unmapped: other |	0.38%
                                  CHIMERIC READS:
                       Number of chimeric reads |	0
                            % of chimeric reads |	0.00%
