                                 Started job on |	Oct 13 22:36:04
                             Started mapping on |	Oct 13 22:36:23
                                    Finished on |	Oct 13 22:36:37
       Mapping speed, Million of reads per hour |	642.33

                          Number of input reads |	2497935
                      Average input read length |	39
                                    UNIQUE READS:
                   Uniquely mapped reads number |	1926937
                        Uniquely mapped reads % |	77.14%
                          Average mapped length |	39.42
                       Number of splices: Total |	195108
            Number of splices: Annotated (sjdb) |	194182
                       Number of splices: GT/AG |	193300
                       Number of splices: GC/AG |	1413
                       Number of splices: AT/AC |	188
               Number of splices: Non-canonical |	207
                      Mismatch rate per base, % |	0.15%
                         Deletion rate per base |	0.00%
                        Deletion average length |	1.31
                        Insertion rate per base |	0.00%
                       Insertion average length |	1.20
                             MULTI-MAPPING READS:
        Number of reads mapped to multiple loci |	536700
             % of reads mapped to multiple loci |	21.49%
        Number of reads mapped to too many loci |	24979
             % of reads mapped to too many loci |	1.00%
                                  UNMAPPED READS:
  Number of reads unmapped: too many mismatches |	0
       % of reads unmapped: too many mismatches |	0.00%
            Number of reads unmapped: too short |	2322
                 % of reads unmapped: too short |	0.09%
                Number of reads unmapped: other |	6997
                     % of reads unmapped: other |	0.28%
                                  CHIMERIC READS:
                       Number of chimeric reads |	0
                            % of chimeric reads |	0.00%
