                                 Started job on |	Oct 13 22:41:32
                             Started mapping on |	Oct 13 22:41:52
                                    Finished on |	Oct 13 22:42:09
       Mapping speed, Million of reads per hour |	464.80

                          Number of input reads |	2194874
                      Average input read length |	39
                                    UNIQUE READS:
                   Uniquely mapped reads number |	1809600
                        Uniquely mapped reads % |	82.45%
                          Average mapped length |	39.51
                       Number of splices: Total |	197465
            Number of splices: Annotated (sjdb) |	196335
                       Number of splices: GT/AG |	195599
                       Number of splices: GC/AG |	1471
                       Number of splices: AT/AC |	188
               Number of splices: Non-canonical |	207
                      Mismatch rate per base, % |	0.14%
                         Deletion rate per base |	0.00%
                        Deletion average length |	1.37
                        Insertion rate per base |	0.00%
                       Insertion average length |	1.16
                             MULTI-MAPPING READS:
        Number of reads mapped to multiple loci |	360346
             % of reads mapped to multiple loci |	16.42%
        Number of reads mapped to too many loci |	15589
             % of reads mapped to too many loci |	0.71%
                                  UNMAPPED READS:
  Number of reads unmapped: too many mismatches |	0
       % of reads unmapped: too many mismatches |	0.00%
            Number of reads unmapped: too short |	2117
                 % of reads unmapped: too short |	0.10%
                Number of reads unmapped: other |	7222
                     % of reads unmapped: other |	0.33%
                                  CHIMERIC READS:
                       Number of chimeric reads |	0
                            % of chimeric reads |	0.00%
