                                 Started job on |	Oct 13 22:45:31
                             Started mapping on |	Oct 13 22:45:45
                                    Finished on |	Oct 13 22:45:55
       Mapping speed, Million of reads per hour |	586.47

                          Number of input reads |	1629088
                      Average input read length |	39
                                    UNIQUE READS:
                   Uniquely mapped reads number |	1356481
                        Uniquely mapped reads % |	83.27%
                          Average mapped length |	39.52
                       Number of splices: Total |	152164
            Number of splices: Annotated (sjdb) |	151355
                       Number of splices: GT/AG |	150782
                       Number of splices: GC/AG |	1081
                       Number of splices: AT/AC |	137
               Number of splices: Non-canonical |	164
                      Mismatch rate per base, % |	0.13%
                         Deletion rate per base |	0.00%
                        Deletion average length |	1.39
                        Insertion rate per base |	0.00%
                       Insertion average length |	1.17
                             MULTI-MAPPING READS:
        Number of reads mapped to multiple loci |	254539
             % of reads mapped to multiple loci |	15.62%
        Number of reads mapped to too many loci |	11386
             % of reads mapped to too many loci |	0.70%
                                  UNMAPPED READS:
  Number of reads unmapped: too many mismatches |	0
       % of reads unmapped: too many mismatches |	0.00%
            Number of reads unmapped: too short |	1382
                 % of reads unmapped: too short |	0.08%
                Number of reads unmapped: other |	5300
                     % of reads unmapped: other |	0.33%
                                  CHIMERIC READS:
                       Number of chimeric reads |	0
                            % of chimeric reads |	0.00%
