                                 Started job on |	Oct 13 22:47:02
                             Started mapping on |	Oct 13 22:47:20
                                    Finished on |	Oct 13 22:47:30
       Mapping speed, Million of reads per hour |	239.22

                          Number of input reads |	664513
                      Average input read length |	39
                                    UNIQUE READS:
                   Uniquely mapped reads number |	554120
                        Uniquely mapped reads % |	83.39%
                          Average mapped length |	39.51
                       Number of splices: Total |	57290
            Number of splices: Annotated (sjdb) |	56970
                       Number of splices: GT/AG |	56769
                       Number of splices: GC/AG |	409
                       Number of splices: AT/AC |	63
               Number of splices: Non-canonical |	49
                      Mismatch rate per base, % |	0.13%
                         Deletion rate per base |	0.00%
                        Deletion average length |	1.38
                        Insertion rate per base |	0.00%
                       Insertion average length |	1.18
                             MULTI-MAPPING READS:
        Number of reads mapped to multiple loci |	102090
             % of reads mapped to multiple loci |	15.36%
        Number of reads mapped to too many loci |	4738
             % of reads mapped to too many loci |	0.71%
                                  UNMAPPED READS:
  Number of reads unmapped: too many mismatches |	0
       % of reads unmapped: too many mismatches |	0.00%
            Number of reads unmapped: too short |	752
                 % of reads unmapped: too short |	0.11%
                Number of reads unmapped: other |	2813
                     % of reads unmapped: other |	0.42%
                                  CHIMERIC READS:
                       Number of chimeric reads |	0
                            % of chimeric reads |	0.00%
