                                 Started job on |	Oct 13 22:38:40
                             Started mapping on |	Oct 13 22:38:58
                                    Finished on |	Oct 13 22:39:13
       Mapping speed, Million of reads per hour |	592.09

                          Number of input reads |	2467047
                      Average input read length |	39
                                    UNIQUE READS:
                   Uniquely mapped reads number |	2055354
                        Uniquely mapped reads % |	83.31%
                          Average mapped length |	39.52
                       Number of splices: Total |	227245
            Number of splices: Annotated (sjdb) |	225963
                       Number of splices: GT/AG |	224959
                       Number of splices: GC/AG |	1809
                       Number of splices: AT/AC |	218
               Number of splices: Non-canonical |	259
                      Mismatch rate per base, % |	0.12%
                         Deletion rate per base |	0.00%
                        Deletion average length |	1.39
                        Insertion rate per base |	0.00%
                       Insertion average length |	1.17
                             MULTI-MAPPING READS:
        Number of reads mapped to multiple loci |	383495
             % of reads mapped to multiple loci |	15.54%
        Number of reads mapped to too many loci |	16749
             % of reads mapped to too many loci |	0.68%
                                  UNMAPPED READS:
  Number of reads unmapped: too many mismatches |	0
       % of reads unmapped: too many mismatches |	0.00%
            Number of reads unmapped: too short |	2464
                 % of reads unmapped: too short |	0.10%
                Number of reads unmapped: other |	8985
                     % of reads unmapped: other |	0.36%
                                  CHIMERIC READS:
                       Number of chimeric reads |	0
                            % of chimeric reads |	0.00%
