                                 Started job on |	Oct 13 22:42:12
                             Started mapping on |	Oct 13 22:42:30
                                    Finished on |	Oct 13 22:42:46
       Mapping speed, Million of reads per hour |	477.32

                          Number of input reads |	2121405
                      Average input read length |	39
                                    UNIQUE READS:
                   Uniquely mapped reads number |	1748309
                        Uniquely mapped reads % |	82.41%
                          Average mapped length |	39.50
                       Number of splices: Total |	190718
            Number of splices: Annotated (sjdb) |	189621
                       Number of splices: GT/AG |	188877
                       Number of splices: GC/AG |	1445
                       Number of splices: AT/AC |	197
               Number of splices: Non-canonical |	199
                      Mismatch rate per base, % |	0.15%
                         Deletion rate per base |	0.00%
                        Deletion average length |	1.42
                        Insertion rate per base |	0.00%
                       Insertion average length |	1.16
                             MULTI-MAPPING READS:
        Number of reads mapped to multiple loci |	348439
             % of reads mapped to multiple loci |	16.42%
        Number of reads mapped to too many loci |	15253
             % of reads mapped to too many loci |	0.72%
                                  UNMAPPED READS:
  Number of reads unmapped: too many mismatches |	0
       % of reads unmapped: too many mismatches |	0.00%
            Number of reads unmapped: too short |	2227
                 % of reads unmapped: too short |	0.10%
                Number of reads unmapped: other |	7177
                     % of reads unmapped: other |	0.34%
                                  CHIMERIC READS:
                       Number of chimeric reads |	0
                            % of chimeric reads |	0.00%
