                                 Started job on |	Oct 13 22:44:08
                             Started mapping on |	Oct 13 22:44:26
                                    Finished on |	Oct 13 22:44:40
       Mapping speed, Million of reads per hour |	477.72

                          Number of input reads |	1857801
                      Average input read length |	39
                                    UNIQUE READS:
                   Uniquely mapped reads number |	1546138
                        Uniquely mapped reads % |	83.22%
                          Average mapped length |	39.50
                       Number of splices: Total |	169747
            Number of splices: Annotated (sjdb) |	168762
                       Number of splices: GT/AG |	168146
                       Number of splices: GC/AG |	1293
                       Number of splices: AT/AC |	164
               Number of splices: Non-canonical |	144
                      Mismatch rate per base, % |	0.15%
                         Deletion rate per base |	0.00%
                        Deletion average length |	1.39
                        Insertion rate per base |	0.00%
                       Insertion average length |	1.16
                             MULTI-MAPPING READS:
        Number of reads mapped to multiple loci |	289821
             % of reads mapped to multiple loci |	15.60%
        Number of reads mapped to too many loci |	13030
             % of reads mapped to too many loci |	0.70%
                                  UNMAPPED READS:
  Number of reads unmapped: too many mismatches |	0
       % of reads unmapped: too many mismatches |	0.00%
            Number of reads unmapped: too short |	2082
                 % of reads unmapped: too short |	0.11%
                Number of reads unmapped: other |	6730
                     % of reads unmapped: other |	0.36%
                                  CHIMERIC READS:
                       Number of chimeric reads |	0
                            % of chimeric reads |	0.00%
