                                 Started job on |	Oct 13 22:38:50
                             Started mapping on |	Oct 13 22:39:05
                                    Finished on |	Oct 13 22:39:20
       Mapping speed, Million of reads per hour |	564.93

                          Number of input reads |	2353865
                      Average input read length |	39
                                    UNIQUE READS:
                   Uniquely mapped reads number |	1940443
                        Uniquely mapped reads % |	82.44%
                          Average mapped length |	39.49
                       Number of splices: Total |	211450
            Number of splices: Annotated (sjdb) |	210288
                       Number of splices: GT/AG |	209451
                       Number of splices: GC/AG |	1549
                       Number of splices: AT/AC |	213
               Number of splices: Non-canonical |	237
                      Mismatch rate per base, % |	0.15%
                         Deletion rate per base |	0.00%
                        Deletion average length |	1.39
                        Insertion rate per base |	0.00%
                       Insertion average length |	1.17
                             MULTI-MAPPING READS:
        Number of reads mapped to multiple loci |	385993
             % of reads mapped to multiple loci |	16.40%
        Number of reads mapped to too many loci |	16939
             % of reads mapped to too many loci |	0.72%
                                  UNMAPPED READS:
  Number of reads unmapped: too many mismatches |	0
       % of reads unmapped: too many mismatches |	0.00%
            Number of reads unmapped: too short |	2665
                 % of reads unmapped: too short |	0.11%
                Number of reads unmapped: other |	7825
                     % of reads unmapped: other |	0.33%
                                  CHIMERIC READS:
                       Number of chimeric reads |	0
                            % of chimeric reads |	0.00%
