                                 Started job on |	Oct 13 22:46:21
                             Started mapping on |	Oct 13 22:46:36
                                    Finished on |	Oct 13 22:46:44
       Mapping speed, Million of reads per hour |	651.52

                          Number of input reads |	1447818
                      Average input read length |	39
                                    UNIQUE READS:
                   Uniquely mapped reads number |	1194115
                        Uniquely mapped reads % |	82.48%
                          Average mapped length |	39.51
                       Number of splices: Total |	125010
            Number of splices: Annotated (sjdb) |	124313
                       Number of splices: GT/AG |	123843
                       Number of splices: GC/AG |	884
                       Number of splices: AT/AC |	141
               Number of splices: Non-canonical |	142
                      Mismatch rate per base, % |	0.17%
                         Deletion rate per base |	0.00%
                        Deletion average length |	1.43
                        Insertion rate per base |	0.00%
                       Insertion average length |	1.15
                             MULTI-MAPPING READS:
        Number of reads mapped to multiple loci |	235673
             % of reads mapped to multiple loci |	16.28%
        Number of reads mapped to too many loci |	10963
             % of reads mapped to too many loci |	0.76%
                                  UNMAPPED READS:
  Number of reads unmapped: too many mismatches |	0
       % of reads unmapped: too many mismatches |	0.00%
            Number of reads unmapped: too short |	1672
                 % of reads unmapped: too short |	0.12%
                Number of reads unmapped: other |	5395
                     % of reads unmapped: other |	0.37%
                                  CHIMERIC READS:
                       Number of chimeric reads |	0
                            % of chimeric reads |	0.00%
