                                 Started job on |	Oct 13 22:43:55
                             Started mapping on |	Oct 13 22:44:17
                                    Finished on |	Oct 13 22:44:26
       Mapping speed, Million of reads per hour |	739.36

                          Number of input reads |	1848408
                      Average input read length |	39
                                    UNIQUE READS:
                   Uniquely mapped reads number |	1538425
                        Uniquely mapped reads % |	83.23%
                          Average mapped length |	39.49
                       Number of splices: Total |	171009
            Number of splices: Annotated (sjdb) |	170151
                       Number of splices: GT/AG |	169414
                       Number of splices: GC/AG |	1260
                       Number of splices: AT/AC |	160
               Number of splices: Non-canonical |	175
                      Mismatch rate per base, % |	0.15%
                         Deletion rate per base |	0.00%
                        Deletion average length |	1.37
                        Insertion rate per base |	0.00%
                       Insertion average length |	1.17
                             MULTI-MAPPING READS:
        Number of reads mapped to multiple loci |	289034
             % of reads mapped to multiple loci |	15.64%
        Number of reads mapped to too many loci |	12931
             % of reads mapped to too many loci |	0.70%
                                  UNMAPPED READS:
  Number of reads unmapped: too many mismatches |	0
       % of reads unmapped: too many mismatches |	0.00%
            Number of reads unmapped: too short |	1961
                 % of reads unmapped: too short |	0.11%
                Number of reads unmapped: other |	6057
                     % of reads unmapped: other |	0.33%
                                  CHIMERIC READS:
                       Number of chimeric reads |	0
                            % of chimeric reads |	0.00%
