                                 Started job on |	Oct 13 22:35:42
                             Started mapping on |	Oct 13 22:36:05
                                    Finished on |	Oct 13 22:36:20
       Mapping speed, Million of reads per hour |	619.96

                          Number of input reads |	2583164
                      Average input read length |	39
                                    UNIQUE READS:
                   Uniquely mapped reads number |	2067696
                        Uniquely mapped reads % |	80.05%
                          Average mapped length |	39.48
                       Number of splices: Total |	265369
            Number of splices: Annotated (sjdb) |	264434
                       Number of splices: GT/AG |	262871
                       Number of splices: GC/AG |	1979
                       Number of splices: AT/AC |	248
               Number of splices: Non-canonical |	271
                      Mismatch rate per base, % |	0.13%
                         Deletion rate per base |	0.00%
                        Deletion average length |	1.34
                        Insertion rate per base |	0.00%
                       Insertion average length |	1.17
                             MULTI-MAPPING READS:
        Number of reads mapped to multiple loci |	488973
             % of reads mapped to multiple loci |	18.93%
        Number of reads mapped to too many loci |	18661
             % of reads mapped to too many loci |	0.72%
                                  UNMAPPED READS:
  Number of reads unmapped: too many mismatches |	0
       % of reads unmapped: too many mismatches |	0.00%
            Number of reads unmapped: too short |	3240
                 % of reads unmapped: too short |	0.13%
                Number of reads unmapped: other |	4594
                     % of reads unmapped: other |	0.18%
                                  CHIMERIC READS:
                       Number of chimeric reads |	0
                            % of chimeric reads |	0.00%
