                                 Started job on |	Oct 13 22:32:29
                             Started mapping on |	Oct 13 22:32:49
                                    Finished on |	Oct 13 22:33:17
       Mapping speed, Million of reads per hour |	502.63

                          Number of input reads |	3909365
                      Average input read length |	39
                                    UNIQUE READS:
                   Uniquely mapped reads number |	3142793
                        Uniquely mapped reads % |	80.39%
                          Average mapped length |	39.49
                       Number of splices: Total |	399050
            Number of splices: Annotated (sjdb) |	397609
                       Number of splices: GT/AG |	395305
                       Number of splices: GC/AG |	2965
                       Number of splices: AT/AC |	380
               Number of splices: Non-canonical |	400
                      Mismatch rate per base, % |	0.18%
                         Deletion rate per base |	0.00%
                        Deletion average length |	1.38
                        Insertion rate per base |	0.00%
                       Insertion average length |	1.16
                             MULTI-MAPPING READS:
        Number of reads mapped to multiple loci |	726823
             % of reads mapped to multiple loci |	18.59%
        Number of reads mapped to too many loci |	28553
             % of reads mapped to too many loci |	0.73%
                                  UNMAPPED READS:
  Number of reads unmapped: too many mismatches |	0
       % of reads unmapped: too many mismatches |	0.00%
            Number of reads unmapped: too short |	4430
                 % of reads unmapped: too short |	0.11%
                Number of reads unmapped: other |	6766
                     % of reads unmapped: other |	0.17%
                                  CHIMERIC READS:
                       Number of chimeric reads |	0
                            % of chimeric reads |	0.00%
