                                 Started job on |	Oct 13 22:37:22
                             Started mapping on |	Oct 13 22:37:35
                                    Finished on |	Oct 13 22:37:51
       Mapping speed, Million of reads per hour |	571.57

                          Number of input reads |	2540308
                      Average input read length |	39
                                    UNIQUE READS:
                   Uniquely mapped reads number |	2114964
                        Uniquely mapped reads % |	83.26%
                          Average mapped length |	39.50
                       Number of splices: Total |	230986
            Number of splices: Annotated (sjdb) |	229649
                       Number of splices: GT/AG |	228721
                       Number of splices: GC/AG |	1785
                       Number of splices: AT/AC |	244
               Number of splices: Non-canonical |	236
                      Mismatch rate per base, % |	0.17%
                         Deletion rate per base |	0.00%
                        Deletion average length |	1.40
                        Insertion rate per base |	0.00%
                       Insertion average length |	1.19
                             MULTI-MAPPING READS:
        Number of reads mapped to multiple loci |	395618
             % of reads mapped to multiple loci |	15.57%
        Number of reads mapped to too many loci |	17382
             % of reads mapped to too many loci |	0.68%
                                  UNMAPPED READS:
  Number of reads unmapped: too many mismatches |	0
       % of reads unmapped: too many mismatches |	0.00%
            Number of reads unmapped: too short |	2994
                 % of reads unmapped: too short |	0.12%
                Number of reads unmapped: other |	9350
                     % of reads unmapped: other |	0.37%
                                  CHIMERIC READS:
                       Number of chimeric reads |	0
                            % of chimeric reads |	0.00%
