                                 Started job on |	Oct 13 22:40:55
                             Started mapping on |	Oct 13 22:41:30
                                    Finished on |	Oct 13 22:41:47
       Mapping speed, Million of reads per hour |	466.65

                          Number of input reads |	2203610
                      Average input read length |	39
                                    UNIQUE READS:
                   Uniquely mapped reads number |	1837093
                        Uniquely mapped reads % |	83.37%
                          Average mapped length |	39.49
                       Number of splices: Total |	200344
            Number of splices: Annotated (sjdb) |	199222
                       Number of splices: GT/AG |	198420
                       Number of splices: GC/AG |	1479
                       Number of splices: AT/AC |	224
               Number of splices: Non-canonical |	221
                      Mismatch rate per base, % |	0.18%
                         Deletion rate per base |	0.00%
                        Deletion average length |	1.42
                        Insertion rate per base |	0.00%
                       Insertion average length |	1.19
                             MULTI-MAPPING READS:
        Number of reads mapped to multiple loci |	340514
             % of reads mapped to multiple loci |	15.45%
        Number of reads mapped to too many loci |	15612
             % of reads mapped to too many loci |	0.71%
                                  UNMAPPED READS:
  Number of reads unmapped: too many mismatches |	0
       % of reads unmapped: too many mismatches |	0.00%
            Number of reads unmapped: too short |	2554
                 % of reads unmapped: too short |	0.12%
                Number of reads unmapped: other |	7837
                     % of reads unmapped: other |	0.36%
                                  CHIMERIC READS:
                       Number of chimeric reads |	0
                            % of chimeric reads |	0.00%
