                                 Started job on |	Oct 13 22:42:49
                             Started mapping on |	Oct 13 22:43:14
                                    Finished on |	Oct 13 22:43:28
       Mapping speed, Million of reads per hour |	516.26

                          Number of input reads |	2007692
                      Average input read length |	39
                                    UNIQUE READS:
                   Uniquely mapped reads number |	1674054
                        Uniquely mapped reads % |	83.38%
                          Average mapped length |	39.51
                       Number of splices: Total |	184245
            Number of splices: Annotated (sjdb) |	183122
                       Number of splices: GT/AG |	182487
                       Number of splices: GC/AG |	1394
                       Number of splices: AT/AC |	177
               Number of splices: Non-canonical |	187
                      Mismatch rate per base, % |	0.13%
                         Deletion rate per base |	0.00%
                        Deletion average length |	1.38
                        Insertion rate per base |	0.00%
                       Insertion average length |	1.15
                             MULTI-MAPPING READS:
        Number of reads mapped to multiple loci |	310694
             % of reads mapped to multiple loci |	15.48%
        Number of reads mapped to too many loci |	13906
             % of reads mapped to too many loci |	0.69%
                                  UNMAPPED READS:
  Number of reads unmapped: too many mismatches |	0
       % of reads unmapped: too many mismatches |	0.00%
            Number of reads unmapped: too short |	1929
                 % of reads unmapped: too short |	0.10%
                Number of reads unmapped: other |	7109
                     % of reads unmapped: other |	0.35%
                                  CHIMERIC READS:
                       Number of chimeric reads |	0
                            % of chimeric reads |	0.00%
