                                 Started job on |	Oct 13 22:34:59
                             Started mapping on |	Oct 13 22:35:23
                                    Finished on |	Oct 13 22:35:38
       Mapping speed, Million of reads per hour |	604.75

                          Number of input reads |	2519798
                      Average input read length |	39
                                    UNIQUE READS:
                   Uniquely mapped reads number |	1943851
                        Uniquely mapped reads % |	77.14%
                          Average mapped length |	39.42
                       Number of splices: Total |	195250
            Number of splices: Annotated (sjdb) |	194387
                       Number of splices: GT/AG |	193430
                       Number of splices: GC/AG |	1470
                       Number of splices: AT/AC |	172
               Number of splices: Non-canonical |	178
                      Mismatch rate per base, % |	0.19%
                         Deletion rate per base |	0.00%
                        Deletion average length |	1.31
                        Insertion rate per base |	0.00%
                       Insertion average length |	1.21
                             MULTI-MAPPING READS:
        Number of reads mapped to multiple loci |	540339
             % of reads mapped to multiple loci |	21.44%
        Number of reads mapped to too many loci |	25294
             % of reads mapped to too many loci |	1.00%
                                  UNMAPPED READS:
  Number of reads unmapped: too many mismatches |	0
       % of reads unmapped: too many mismatches |	0.00%
            Number of reads unmapped: too short |	3366
                 % of reads unmapped: too short |	0.13%
                Number of reads unmapped: other |	6948
                     % of reads unmapped: other |	0.28%
                                  CHIMERIC READS:
                       Number of chimeric reads |	0
                            % of chimeric reads |	0.00%
