                                 Started job on |	Oct 13 22:43:57
                             Started mapping on |	Oct 13 22:44:16
                                    Finished on |	Oct 13 22:44:28
       Mapping speed, Million of reads per hour |	553.87

                          Number of input reads |	1846226
                      Average input read length |	39
                                    UNIQUE READS:
                   Uniquely mapped reads number |	1536150
                        Uniquely mapped reads % |	83.20%
                          Average mapped length |	39.49
                       Number of splices: Total |	171733
            Number of splices: Annotated (sjdb) |	170857
                       Number of splices: GT/AG |	170166
                       Number of splices: GC/AG |	1203
                       Number of splices: AT/AC |	170
               Number of splices: Non-canonical |	194
                      Mismatch rate per base, % |	0.12%
                         Deletion rate per base |	0.00%
                        Deletion average length |	1.38
                        Insertion rate per base |	0.00%
                       Insertion average length |	1.16
                             MULTI-MAPPING READS:
        Number of reads mapped to multiple loci |	289169
             % of reads mapped to multiple loci |	15.66%
        Number of reads mapped to too many loci |	13013
             % of reads mapped to too many loci |	0.70%
                                  UNMAPPED READS:
  Number of reads unmapped: too many mismatches |	0
       % of reads unmapped: too many mismatches |	0.00%
            Number of reads unmapped: too short |	1619
                 % of reads unmapped: too short |	0.09%
                Number of reads unmapped: other |	6275
                     % of reads unmapped: other |	0.34%
                                  CHIMERIC READS:
                       Number of chimeric reads |	0
                            % of chimeric reads |	0.00%
