                                 Started job on |	Oct 13 22:33:15
                             Started mapping on |	Oct 13 22:33:37
                                    Finished on |	Oct 13 22:34:07
       Mapping speed, Million of reads per hour |	467.13

                          Number of input reads |	3892788
                      Average input read length |	39
                                    UNIQUE READS:
                   Uniquely mapped reads number |	3131140
                        Uniquely mapped reads % |	80.43%
                          Average mapped length |	39.51
                       Number of splices: Total |	401196
            Number of splices: Annotated (sjdb) |	399713
                       Number of splices: GT/AG |	397382
                       Number of splices: GC/AG |	2997
                       Number of splices: AT/AC |	409
               Number of splices: Non-canonical |	408
                      Mismatch rate per base, % |	0.13%
                         Deletion rate per base |	0.00%
                        Deletion average length |	1.35
                        Insertion rate per base |	0.00%
                       Insertion average length |	1.19
                             MULTI-MAPPING READS:
        Number of reads mapped to multiple loci |	722692
             % of reads mapped to multiple loci |	18.56%
        Number of reads mapped to too many loci |	28413
             % of reads mapped to too many loci |	0.73%
                                  UNMAPPED READS:
  Number of reads unmapped: too many mismatches |	0
       % of reads unmapped: too many mismatches |	0.00%
            Number of reads unmapped: too short |	3584
                 % of reads unmapped: too short |	0.09%
                Number of reads unmapped: other |	6959
                     % of reads unmapped: other |	0.18%
                                  CHIMERIC READS:
                       Number of chimeric reads |	0
                            % of chimeric reads |	0.00%
