                                 Started job on |	Oct 13 22:44:56
                             Started mapping on |	Oct 13 22:45:14
                                    Finished on |	Oct 13 22:45:26
       Mapping speed, Million of reads per hour |	500.33

                          Number of input reads |	1667774
                      Average input read length |	39
                                    UNIQUE READS:
                   Uniquely mapped reads number |	1375961
                        Uniquely mapped reads % |	82.50%
                          Average mapped length |	39.49
                       Number of splices: Total |	143561
            Number of splices: Annotated (sjdb) |	142741
                       Number of splices: GT/AG |	142165
                       Number of splices: GC/AG |	1092
                       Number of splices: AT/AC |	150
               Number of splices: Non-canonical |	154
                      Mismatch rate per base, % |	0.16%
                         Deletion rate per base |	0.00%
                        Deletion average length |	1.40
                        Insertion rate per base |	0.00%
                       Insertion average length |	1.16
                             MULTI-MAPPING READS:
        Number of reads mapped to multiple loci |	270838
             % of reads mapped to multiple loci |	16.24%
        Number of reads mapped to too many loci |	12583
             % of reads mapped to too many loci |	0.75%
                                  UNMAPPED READS:
  Number of reads unmapped: too many mismatches |	0
       % of reads unmapped: too many mismatches |	0.00%
            Number of reads unmapped: too short |	2070
                 % of reads unmapped: too short |	0.12%
                Number of reads unmapped: other |	6322
                     % of reads unmapped: other |	0.38%
                                  CHIMERIC READS:
                       Number of chimeric reads |	0
                            % of chimeric reads |	0.00%
