                                 Started job on |	Oct 13 22:43:19
                             Started mapping on |	Oct 13 22:43:39
                                    Finished on |	Oct 13 22:43:54
       Mapping speed, Million of reads per hour |	476.40

                          Number of input reads |	1984989
                      Average input read length |	39
                                    UNIQUE READS:
                   Uniquely mapped reads number |	1655301
                        Uniquely mapped reads % |	83.39%
                          Average mapped length |	39.49
                       Number of splices: Total |	181690
            Number of splices: Annotated (sjdb) |	180615
                       Number of splices: GT/AG |	179921
                       Number of splices: GC/AG |	1379
                       Number of splices: AT/AC |	193
               Number of splices: Non-canonical |	197
                      Mismatch rate per base, % |	0.15%
                         Deletion rate per base |	0.00%
                        Deletion average length |	1.39
                        Insertion rate per base |	0.00%
                       Insertion average length |	1.18
                             MULTI-MAPPING READS:
        Number of reads mapped to multiple loci |	306283
             % of reads mapped to multiple loci |	15.43%
        Number of reads mapped to too many loci |	14030
             % of reads mapped to too many loci |	0.71%
                                  UNMAPPED READS:
  Number of reads unmapped: too many mismatches |	0
       % of reads unmapped: too many mismatches |	0.00%
            Number of reads unmapped: too short |	2097
                 % of reads unmapped: too short |	0.11%
                Number of reads unmapped: other |	7278
                     % of reads unmapped: other |	0.37%
                                  CHIMERIC READS:
                       Number of chimeric reads |	0
                            % of chimeric reads |	0.00%
