                                 Started job on |	Oct 13 22:38:30
                             Started mapping on |	Oct 13 22:38:45
                                    Finished on |	Oct 13 22:39:00
       Mapping speed, Million of reads per hour |	595.48

                          Number of input reads |	2481159
                      Average input read length |	39
                                    UNIQUE READS:
                   Uniquely mapped reads number |	2066221
                        Uniquely mapped reads % |	83.28%
                          Average mapped length |	39.51
                       Number of splices: Total |	228196
            Number of splices: Annotated (sjdb) |	226857
                       Number of splices: GT/AG |	225898
                       Number of splices: GC/AG |	1788
                       Number of splices: AT/AC |	256
               Number of splices: Non-canonical |	254
                      Mismatch rate per base, % |	0.16%
                         Deletion rate per base |	0.00%
                        Deletion average length |	1.41
                        Insertion rate per base |	0.00%
                       Insertion average length |	1.19
                             MULTI-MAPPING READS:
        Number of reads mapped to multiple loci |	386423
             % of reads mapped to multiple loci |	15.57%
        Number of reads mapped to too many loci |	16845
             % of reads mapped to too many loci |	0.68%
                                  UNMAPPED READS:
  Number of reads unmapped: too many mismatches |	0
       % of reads unmapped: too many mismatches |	0.00%
            Number of reads unmapped: too short |	2623
                 % of reads unmapped: too short |	0.11%
                Number of reads unmapped: other |	9047
                     % of reads unmapped: other |	0.36%
                                  CHIMERIC READS:
                       Number of chimeric reads |	0
                            % of chimeric reads |	0.00%
