                                 Started job on |	Oct 13 22:32:29
                             Started mapping on |	Oct 13 22:32:46
                                    Finished on |	Oct 13 22:33:10
       Mapping speed, Million of reads per hour |	594.68

                          Number of input reads |	3964562
                      Average input read length |	39
                                    UNIQUE READS:
                   Uniquely mapped reads number |	3188605
                        Uniquely mapped reads % |	80.43%
                          Average mapped length |	39.48
                       Number of splices: Total |	408017
            Number of splices: Annotated (sjdb) |	406554
                       Number of splices: GT/AG |	404193
                       Number of splices: GC/AG |	3000
                       Number of splices: AT/AC |	429
               Number of splices: Non-canonical |	395
                      Mismatch rate per base, % |	0.12%
                         Deletion rate per base |	0.00%
                        Deletion average length |	1.36
                        Insertion rate per base |	0.00%
                       Insertion average length |	1.17
                             MULTI-MAPPING READS:
        Number of reads mapped to multiple loci |	736643
             % of reads mapped to multiple loci |	18.58%
        Number of reads mapped to too many loci |	28833
             % of reads mapped to too many loci |	0.73%
                                  UNMAPPED READS:
  Number of reads unmapped: too many mismatches |	0
       % of reads unmapped: too many mismatches |	0.00%
            Number of reads unmapped: too short |	3617
                 % of reads unmapped: too short |	0.09%
                Number of reads unmapped: other |	6864
                     % of reads unmapped: other |	0.17%
                                  CHIMERIC READS:
                       Number of chimeric reads |	0
                            % of chimeric reads |	0.00%
