                                 Started job on |	Oct 13 22:34:12
                             Started mapping on |	Oct 13 22:34:31
                                    Finished on |	Oct 13 22:34:50
       Mapping speed, Million of reads per hour |	509.64

                          Number of input reads |	2689784
                      Average input read length |	39
                                    UNIQUE READS:
                   Uniquely mapped reads number |	2152654
                        Uniquely mapped reads % |	80.03%
                          Average mapped length |	39.48
                       Number of splices: Total |	277032
            Number of splices: Annotated (sjdb) |	276094
                       Number of splices: GT/AG |	274414
                       Number of splices: GC/AG |	2091
                       Number of splices: AT/AC |	248
               Number of splices: Non-canonical |	279
                      Mismatch rate per base, % |	0.12%
                         Deletion rate per base |	0.00%
                        Deletion average length |	1.31
                        Insertion rate per base |	0.00%
                       Insertion average length |	1.19
                             MULTI-MAPPING READS:
        Number of reads mapped to multiple loci |	509586
             % of reads mapped to multiple loci |	18.95%
        Number of reads mapped to too many loci |	19497
             % of reads mapped to too many loci |	0.72%
                                  UNMAPPED READS:
  Number of reads unmapped: too many mismatches |	0
       % of reads unmapped: too many mismatches |	0.00%
            Number of reads unmapped: too short |	3265
                 % of reads unmapped: too short |	0.12%
                Number of reads unmapped: other |	4782
                     % of reads unmapped: other |	0.18%
                                  CHIMERIC READS:
                       Number of chimeric reads |	0
                            % of chimeric reads |	0.00%
