                                 Started job on |	Oct 13 22:39:17
                             Started mapping on |	Oct 13 22:39:37
                                    Finished on |	Oct 13 22:39:57
       Mapping speed, Million of reads per hour |	418.97

                          Number of input reads |	2327631
                      Average input read length |	39
                                    UNIQUE READS:
                   Uniquely mapped reads number |	1918273
                        Uniquely mapped reads % |	82.41%
                          Average mapped length |	39.50
                       Number of splices: Total |	207186
            Number of splices: Annotated (sjdb) |	205979
                       Number of splices: GT/AG |	205226
                       Number of splices: GC/AG |	1500
                       Number of splices: AT/AC |	213
               Number of splices: Non-canonical |	247
                      Mismatch rate per base, % |	0.18%
                         Deletion rate per base |	0.00%
                        Deletion average length |	1.40
                        Insertion rate per base |	0.00%
                       Insertion average length |	1.17
                             MULTI-MAPPING READS:
        Number of reads mapped to multiple loci |	382461
             % of reads mapped to multiple loci |	16.43%
        Number of reads mapped to too many loci |	16613
             % of reads mapped to too many loci |	0.71%
                                  UNMAPPED READS:
  Number of reads unmapped: too many mismatches |	0
       % of reads unmapped: too many mismatches |	0.00%
            Number of reads unmapped: too short |	2713
                 % of reads unmapped: too short |	0.12%
                Number of reads unmapped: other |	7571
                     % of reads unmapped: other |	0.33%
                                  CHIMERIC READS:
                       Number of chimeric reads |	0
                            % of chimeric reads |	0.00%
